e:\zengxianxi\vcppwork\peerproject-master\plugins\shorturl\release win32\shorturl.pch
e:\zengxianxi\vcppwork\peerproject-master\plugins\shorturl\release win32\vc142.pdb
e:\zengxianxi\vcppwork\peerproject-master\plugins\shorturl\release win32\stdafx.obj
e:\zengxianxi\vcppwork\peerproject-master\plugins\shorturl\release win32\plugin.obj
e:\zengxianxi\vcppwork\peerproject-master\plugins\shorturl\release win32\strings.obj
e:\zengxianxi\vcppwork\peerproject-master\plugins\shorturl\release win32\shorturl.obj
e:\zengxianxi\vcppwork\peerproject-master\plugins\shorturl\release win32\optionsdlg.obj
e:\zengxianxi\vcppwork\peerproject-master\plugins\shorturl\release win32\shorturl_i.obj
e:\zengxianxi\vcppwork\peerproject-master\plugins\shorturl\release win32\shorturl.dll
e:\zengxianxi\vcppwork\peerproject-master\plugins\shorturl\release win32\shorturl.pdb
e:\zengxianxi\vcppwork\peerproject-master\plugins\shorturl\release win32\peerproject.tlb
e:\zengxianxi\vcppwork\peerproject-master\plugins\shorturl\peerproject_i.c
e:\zengxianxi\vcppwork\peerproject-master\plugins\shorturl\peerproject.h
e:\zengxianxi\vcppwork\peerproject-master\plugins\shorturl\release win32\shorturl.tlb
e:\zengxianxi\vcppwork\peerproject-master\plugins\shorturl\shorturl_i.c
e:\zengxianxi\vcppwork\peerproject-master\plugins\shorturl\shorturl.h
e:\zengxianxi\vcppwork\peerproject-master\plugins\shorturl\release win32\shorturl.res
e:\zengxianxi\vcppwork\peerproject-master\plugins\shorturl\release win32\shorturl.lib
e:\zengxianxi\vcppwork\peerproject-master\plugins\shorturl\release win32\shorturl.exp
e:\zengxianxi\vcppwork\peerproject-master\plugins\shorturl\release win32\shorturl.ipdb
e:\zengxianxi\vcppwork\peerproject-master\plugins\shorturl\release win32\shorturl.iobj
e:\zengxianxi\vcppwork\peerproject-master\plugins\shorturl\release win32\shorturl.tlog\cl.command.1.tlog
e:\zengxianxi\vcppwork\peerproject-master\plugins\shorturl\release win32\shorturl.tlog\cl.read.1.tlog
e:\zengxianxi\vcppwork\peerproject-master\plugins\shorturl\release win32\shorturl.tlog\cl.write.1.tlog
e:\zengxianxi\vcppwork\peerproject-master\plugins\shorturl\release win32\shorturl.tlog\link.command.1.tlog
e:\zengxianxi\vcppwork\peerproject-master\plugins\shorturl\release win32\shorturl.tlog\link.read.1.tlog
e:\zengxianxi\vcppwork\peerproject-master\plugins\shorturl\release win32\shorturl.tlog\link.write.1.tlog
e:\zengxianxi\vcppwork\peerproject-master\plugins\shorturl\release win32\shorturl.tlog\midl.command.1.tlog
e:\zengxianxi\vcppwork\peerproject-master\plugins\shorturl\release win32\shorturl.tlog\midl.read.1.tlog
e:\zengxianxi\vcppwork\peerproject-master\plugins\shorturl\release win32\shorturl.tlog\midl.write.1.tlog
e:\zengxianxi\vcppwork\peerproject-master\plugins\shorturl\release win32\shorturl.tlog\rc.command.1.tlog
e:\zengxianxi\vcppwork\peerproject-master\plugins\shorturl\release win32\shorturl.tlog\rc.read.1.tlog
e:\zengxianxi\vcppwork\peerproject-master\plugins\shorturl\release win32\shorturl.tlog\rc.write.1.tlog
e:\zengxianxi\vcppwork\peerproject-master\plugins\shorturl\release win32\shorturl.tlog\shorturl.write.1u.tlog
