e:\zengxianxi\vcppwork\peerproject-master\plugins\zipbuilder\release win32\zipbuilder.pch
e:\zengxianxi\vcppwork\peerproject-master\plugins\zipbuilder\release win32\vc142.pdb
e:\zengxianxi\vcppwork\peerproject-master\plugins\zipbuilder\release win32\stdafx.obj
e:\zengxianxi\vcppwork\peerproject-master\plugins\zipbuilder\release win32\class.obj
e:\zengxianxi\vcppwork\peerproject-master\plugins\zipbuilder\release win32\zipbuilder.obj
e:\zengxianxi\vcppwork\peerproject-master\plugins\zipbuilder\release win32\zipbuilder_i.obj
e:\zengxianxi\vcppwork\peerproject-master\plugins\zipbuilder\release win32\zipbuilder.dll
e:\zengxianxi\vcppwork\peerproject-master\plugins\zipbuilder\release win32\zipbuilder.pdb
e:\zengxianxi\vcppwork\peerproject-master\plugins\zipbuilder\release win32\peerproject.tlb
e:\zengxianxi\vcppwork\peerproject-master\plugins\zipbuilder\peerproject_i.c
e:\zengxianxi\vcppwork\peerproject-master\plugins\zipbuilder\peerproject.h
e:\zengxianxi\vcppwork\peerproject-master\plugins\zipbuilder\release win32\zipbuilder.tlb
e:\zengxianxi\vcppwork\peerproject-master\plugins\zipbuilder\zipbuilder_i.c
e:\zengxianxi\vcppwork\peerproject-master\plugins\zipbuilder\zipbuilder.h
e:\zengxianxi\vcppwork\peerproject-master\plugins\zipbuilder\release win32\zipbuilder.res
e:\zengxianxi\vcppwork\peerproject-master\plugins\zipbuilder\release win32\zipbuilder.lib
e:\zengxianxi\vcppwork\peerproject-master\plugins\zipbuilder\release win32\zipbuilder.exp
e:\zengxianxi\vcppwork\peerproject-master\plugins\zipbuilder\release win32\zipbuilder.tlog\cl.command.1.tlog
e:\zengxianxi\vcppwork\peerproject-master\plugins\zipbuilder\release win32\zipbuilder.tlog\cl.read.1.tlog
e:\zengxianxi\vcppwork\peerproject-master\plugins\zipbuilder\release win32\zipbuilder.tlog\cl.write.1.tlog
e:\zengxianxi\vcppwork\peerproject-master\plugins\zipbuilder\release win32\zipbuilder.tlog\link.command.1.tlog
e:\zengxianxi\vcppwork\peerproject-master\plugins\zipbuilder\release win32\zipbuilder.tlog\link.read.1.tlog
e:\zengxianxi\vcppwork\peerproject-master\plugins\zipbuilder\release win32\zipbuilder.tlog\link.write.1.tlog
e:\zengxianxi\vcppwork\peerproject-master\plugins\zipbuilder\release win32\zipbuilder.tlog\midl.command.1.tlog
e:\zengxianxi\vcppwork\peerproject-master\plugins\zipbuilder\release win32\zipbuilder.tlog\midl.read.1.tlog
e:\zengxianxi\vcppwork\peerproject-master\plugins\zipbuilder\release win32\zipbuilder.tlog\midl.write.1.tlog
e:\zengxianxi\vcppwork\peerproject-master\plugins\zipbuilder\release win32\zipbuilder.tlog\rc.command.1.tlog
e:\zengxianxi\vcppwork\peerproject-master\plugins\zipbuilder\release win32\zipbuilder.tlog\rc.read.1.tlog
e:\zengxianxi\vcppwork\peerproject-master\plugins\zipbuilder\release win32\zipbuilder.tlog\rc.write.1.tlog
e:\zengxianxi\vcppwork\peerproject-master\plugins\zipbuilder\release win32\zipbuilder.tlog\zipbuilder.write.1u.tlog
