e:\zengxianxi\vcppwork\peerproject-master\services\zlib\release win32\adler32.obj
e:\zengxianxi\vcppwork\peerproject-master\services\zlib\release win32\inftrees.obj
e:\zengxianxi\vcppwork\peerproject-master\services\zlib\release win32\zip.obj
e:\zengxianxi\vcppwork\peerproject-master\services\zlib\release win32\crc32.obj
e:\zengxianxi\vcppwork\peerproject-master\services\zlib\release win32\infback.obj
e:\zengxianxi\vcppwork\peerproject-master\services\zlib\release win32\trees.obj
e:\zengxianxi\vcppwork\peerproject-master\services\zlib\release win32\gzclose.obj
e:\zengxianxi\vcppwork\peerproject-master\services\zlib\release win32\gzwrite.obj
e:\zengxianxi\vcppwork\peerproject-master\services\zlib\release win32\ioapi.obj
e:\zengxianxi\vcppwork\peerproject-master\services\zlib\release win32\deflate.obj
e:\zengxianxi\vcppwork\peerproject-master\services\zlib\release win32\inflate.obj
e:\zengxianxi\vcppwork\peerproject-master\services\zlib\release win32\uncompr.obj
e:\zengxianxi\vcppwork\peerproject-master\services\zlib\release win32\compress.obj
e:\zengxianxi\vcppwork\peerproject-master\services\zlib\release win32\inffast.obj
e:\zengxianxi\vcppwork\peerproject-master\services\zlib\release win32\unzip.obj
e:\zengxianxi\vcppwork\peerproject-master\services\zlib\release win32\gvmat32c.obj
e:\zengxianxi\vcppwork\peerproject-master\services\zlib\release win32\gzlib.obj
e:\zengxianxi\vcppwork\peerproject-master\services\zlib\release win32\gzread.obj
e:\zengxianxi\vcppwork\peerproject-master\services\zlib\release win32\iowin32.obj
e:\zengxianxi\vcppwork\peerproject-master\services\zlib\release win32\zutil.obj
e:\zengxianxi\vcppwork\peerproject-master\services\zlib\release win32\vc142.pdb
e:\zengxianxi\vcppwork\peerproject-master\services\zlib\release win32\zlibwapi.dll
e:\zengxianxi\vcppwork\peerproject-master\services\zlib\release win32\zlibwapi.pdb
e:\zengxianxi\vcppwork\peerproject-master\services\zlib\release win32\gvmat32.obj
e:\zengxianxi\vcppwork\peerproject-master\services\zlib\release win32\inffas32.obj
e:\zengxianxi\vcppwork\peerproject-master\services\zlib\release win32\zlib.res
e:\zengxianxi\vcppwork\peerproject-master\services\zlib\release win32\zlibwapi.lib
e:\zengxianxi\vcppwork\peerproject-master\services\zlib\release win32\zlibwapi.exp
e:\zengxianxi\vcppwork\peerproject-master\services\zlib\release win32\zlibwapi.tlog\cl.10864.write.1.tlog
e:\zengxianxi\vcppwork\peerproject-master\services\zlib\release win32\zlibwapi.tlog\cl.command.1.tlog
e:\zengxianxi\vcppwork\peerproject-master\services\zlib\release win32\zlibwapi.tlog\cl.read.1.tlog
e:\zengxianxi\vcppwork\peerproject-master\services\zlib\release win32\zlibwapi.tlog\link.command.1.tlog
e:\zengxianxi\vcppwork\peerproject-master\services\zlib\release win32\zlibwapi.tlog\link.read.1.tlog
e:\zengxianxi\vcppwork\peerproject-master\services\zlib\release win32\zlibwapi.tlog\link.write.1.tlog
e:\zengxianxi\vcppwork\peerproject-master\services\zlib\release win32\zlibwapi.tlog\masm.read.1u.tlog
e:\zengxianxi\vcppwork\peerproject-master\services\zlib\release win32\zlibwapi.tlog\masm.write.1u.tlog
e:\zengxianxi\vcppwork\peerproject-master\services\zlib\release win32\zlibwapi.tlog\rc.command.1.tlog
e:\zengxianxi\vcppwork\peerproject-master\services\zlib\release win32\zlibwapi.tlog\rc.read.1.tlog
e:\zengxianxi\vcppwork\peerproject-master\services\zlib\release win32\zlibwapi.tlog\rc.write.1.tlog
e:\zengxianxi\vcppwork\peerproject-master\services\zlib\release win32\zlibwapi.tlog\zlibwapi.write.1u.tlog
