e:\zengxianxi\vcppwork\peerproject-master\services\bzlib\release win32\bzlib.lib
e:\zengxianxi\vcppwork\peerproject-master\services\bzlib\release win32\bzlib.exp
e:\zengxianxi\vcppwork\peerproject-master\services\bzlib\release win32\bzlib.obj
e:\zengxianxi\vcppwork\peerproject-master\services\bzlib\release win32\crctable.obj
e:\zengxianxi\vcppwork\peerproject-master\services\bzlib\release win32\decompress.obj
e:\zengxianxi\vcppwork\peerproject-master\services\bzlib\release win32\blocksort.obj
e:\zengxianxi\vcppwork\peerproject-master\services\bzlib\release win32\compress.obj
e:\zengxianxi\vcppwork\peerproject-master\services\bzlib\release win32\randtable.obj
e:\zengxianxi\vcppwork\peerproject-master\services\bzlib\release win32\huffman.obj
e:\zengxianxi\vcppwork\peerproject-master\services\bzlib\release win32\vc142.pdb
e:\zengxianxi\vcppwork\peerproject-master\services\bzlib\release win32\bzlib.dll
e:\zengxianxi\vcppwork\peerproject-master\services\bzlib\release win32\bzlib.pdb
e:\zengxianxi\vcppwork\peerproject-master\services\bzlib\release win32\bzlib.res
e:\zengxianxi\vcppwork\peerproject-master\services\bzlib\release win32\bzlib.tlog\bzlib.write.1u.tlog
e:\zengxianxi\vcppwork\peerproject-master\services\bzlib\release win32\bzlib.tlog\cl.12088.write.1.tlog
e:\zengxianxi\vcppwork\peerproject-master\services\bzlib\release win32\bzlib.tlog\cl.command.1.tlog
e:\zengxianxi\vcppwork\peerproject-master\services\bzlib\release win32\bzlib.tlog\cl.read.1.tlog
e:\zengxianxi\vcppwork\peerproject-master\services\bzlib\release win32\bzlib.tlog\link.command.1.tlog
e:\zengxianxi\vcppwork\peerproject-master\services\bzlib\release win32\bzlib.tlog\link.read.1.tlog
e:\zengxianxi\vcppwork\peerproject-master\services\bzlib\release win32\bzlib.tlog\link.write.1.tlog
e:\zengxianxi\vcppwork\peerproject-master\services\bzlib\release win32\bzlib.tlog\rc.command.1.tlog
e:\zengxianxi\vcppwork\peerproject-master\services\bzlib\release win32\bzlib.tlog\rc.read.1.tlog
e:\zengxianxi\vcppwork\peerproject-master\services\bzlib\release win32\bzlib.tlog\rc.write.1.tlog
