e:\zengxianxi\vcppwork\peerproject-master\plugins\windowsthumbnail\release win32\windowsthumbnail.pch
e:\zengxianxi\vcppwork\peerproject-master\plugins\windowsthumbnail\release win32\vc142.pdb
e:\zengxianxi\vcppwork\peerproject-master\plugins\windowsthumbnail\release win32\stdafx.obj
e:\zengxianxi\vcppwork\peerproject-master\plugins\windowsthumbnail\release win32\imageservice.obj
e:\zengxianxi\vcppwork\peerproject-master\plugins\windowsthumbnail\release win32\windowsthumbnail.obj
e:\zengxianxi\vcppwork\peerproject-master\plugins\windowsthumbnail\release win32\windowsthumbnail_i.obj
e:\zengxianxi\vcppwork\peerproject-master\plugins\windowsthumbnail\release win32\windowsthumbnail.exe
e:\zengxianxi\vcppwork\peerproject-master\plugins\windowsthumbnail\release win32\peerproject.tlb
e:\zengxianxi\vcppwork\peerproject-master\plugins\windowsthumbnail\peerproject_i.c
e:\zengxianxi\vcppwork\peerproject-master\plugins\windowsthumbnail\peerproject.h
e:\zengxianxi\vcppwork\peerproject-master\plugins\windowsthumbnail\release win32\windowsthumbnail.tlb
e:\zengxianxi\vcppwork\peerproject-master\plugins\windowsthumbnail\windowsthumbnail_i.c
e:\zengxianxi\vcppwork\peerproject-master\plugins\windowsthumbnail\windowsthumbnail.h
e:\zengxianxi\vcppwork\peerproject-master\plugins\windowsthumbnail\release win32\windowsthumbnail.res
e:\zengxianxi\vcppwork\peerproject-master\plugins\windowsthumbnail\release win32\windowsthumbnail.tlog\cl.command.1.tlog
e:\zengxianxi\vcppwork\peerproject-master\plugins\windowsthumbnail\release win32\windowsthumbnail.tlog\cl.read.1.tlog
e:\zengxianxi\vcppwork\peerproject-master\plugins\windowsthumbnail\release win32\windowsthumbnail.tlog\cl.write.1.tlog
e:\zengxianxi\vcppwork\peerproject-master\plugins\windowsthumbnail\release win32\windowsthumbnail.tlog\link.command.1.tlog
e:\zengxianxi\vcppwork\peerproject-master\plugins\windowsthumbnail\release win32\windowsthumbnail.tlog\link.read.1.tlog
e:\zengxianxi\vcppwork\peerproject-master\plugins\windowsthumbnail\release win32\windowsthumbnail.tlog\link.write.1.tlog
e:\zengxianxi\vcppwork\peerproject-master\plugins\windowsthumbnail\release win32\windowsthumbnail.tlog\midl.command.1.tlog
e:\zengxianxi\vcppwork\peerproject-master\plugins\windowsthumbnail\release win32\windowsthumbnail.tlog\midl.read.1.tlog
e:\zengxianxi\vcppwork\peerproject-master\plugins\windowsthumbnail\release win32\windowsthumbnail.tlog\midl.write.1.tlog
e:\zengxianxi\vcppwork\peerproject-master\plugins\windowsthumbnail\release win32\windowsthumbnail.tlog\rc.command.1.tlog
e:\zengxianxi\vcppwork\peerproject-master\plugins\windowsthumbnail\release win32\windowsthumbnail.tlog\rc.read.1.tlog
e:\zengxianxi\vcppwork\peerproject-master\plugins\windowsthumbnail\release win32\windowsthumbnail.tlog\rc.write.1.tlog
