e:\zengxianxi\vcppwork\peerproject-master\plugins\searchexport\release win32\searchexport.pch
e:\zengxianxi\vcppwork\peerproject-master\plugins\searchexport\release win32\vc142.pdb
e:\zengxianxi\vcppwork\peerproject-master\plugins\searchexport\release win32\stdafx.obj
e:\zengxianxi\vcppwork\peerproject-master\plugins\searchexport\release win32\searchexport.obj
e:\zengxianxi\vcppwork\peerproject-master\plugins\searchexport\release win32\plugin.obj
e:\zengxianxi\vcppwork\peerproject-master\plugins\searchexport\release win32\searchexport_i.obj
e:\zengxianxi\vcppwork\peerproject-master\plugins\searchexport\release win32\searchexport.dll
e:\zengxianxi\vcppwork\peerproject-master\plugins\searchexport\release win32\searchexport.pdb
e:\zengxianxi\vcppwork\peerproject-master\plugins\searchexport\release win32\searchexport.tlb
e:\zengxianxi\vcppwork\peerproject-master\plugins\searchexport\searchexport_i.c
e:\zengxianxi\vcppwork\peerproject-master\plugins\searchexport\searchexport.h
e:\zengxianxi\vcppwork\peerproject-master\plugins\searchexport\release win32\peerproject.tlb
e:\zengxianxi\vcppwork\peerproject-master\plugins\searchexport\peerproject_i.c
e:\zengxianxi\vcppwork\peerproject-master\plugins\searchexport\peerproject.h
e:\zengxianxi\vcppwork\peerproject-master\plugins\searchexport\release win32\searchexport.res
e:\zengxianxi\vcppwork\peerproject-master\plugins\searchexport\release win32\searchexport.lib
e:\zengxianxi\vcppwork\peerproject-master\plugins\searchexport\release win32\searchexport.exp
e:\zengxianxi\vcppwork\peerproject-master\plugins\searchexport\release win32\searchexport.tlog\cl.command.1.tlog
e:\zengxianxi\vcppwork\peerproject-master\plugins\searchexport\release win32\searchexport.tlog\cl.read.1.tlog
e:\zengxianxi\vcppwork\peerproject-master\plugins\searchexport\release win32\searchexport.tlog\cl.write.1.tlog
e:\zengxianxi\vcppwork\peerproject-master\plugins\searchexport\release win32\searchexport.tlog\link.command.1.tlog
e:\zengxianxi\vcppwork\peerproject-master\plugins\searchexport\release win32\searchexport.tlog\link.read.1.tlog
e:\zengxianxi\vcppwork\peerproject-master\plugins\searchexport\release win32\searchexport.tlog\link.write.1.tlog
e:\zengxianxi\vcppwork\peerproject-master\plugins\searchexport\release win32\searchexport.tlog\midl.command.1.tlog
e:\zengxianxi\vcppwork\peerproject-master\plugins\searchexport\release win32\searchexport.tlog\midl.read.1.tlog
e:\zengxianxi\vcppwork\peerproject-master\plugins\searchexport\release win32\searchexport.tlog\midl.write.1.tlog
e:\zengxianxi\vcppwork\peerproject-master\plugins\searchexport\release win32\searchexport.tlog\rc.command.1.tlog
e:\zengxianxi\vcppwork\peerproject-master\plugins\searchexport\release win32\searchexport.tlog\rc.read.1.tlog
e:\zengxianxi\vcppwork\peerproject-master\plugins\searchexport\release win32\searchexport.tlog\rc.write.1.tlog
e:\zengxianxi\vcppwork\peerproject-master\plugins\searchexport\release win32\searchexport.tlog\searchexport.write.1u.tlog
