e:\zengxianxi\vcppwork\peerproject-master\plugins\webhook\release win32\webhook32.pch
e:\zengxianxi\vcppwork\peerproject-master\plugins\webhook\release win32\vc142.pdb
e:\zengxianxi\vcppwork\peerproject-master\plugins\webhook\release win32\stdafx.obj
e:\zengxianxi\vcppwork\peerproject-master\plugins\webhook\release win32\webhook.obj
e:\zengxianxi\vcppwork\peerproject-master\plugins\webhook\release win32\object.obj
e:\zengxianxi\vcppwork\peerproject-master\plugins\webhook\release win32\webhook32.dll
e:\zengxianxi\vcppwork\peerproject-master\plugins\webhook\release win32\webhook32.pdb
e:\zengxianxi\vcppwork\peerproject-master\plugins\webhook\release win32\webhook.tlb
e:\zengxianxi\vcppwork\peerproject-master\plugins\webhook\release win32\webhook_i.c
e:\zengxianxi\vcppwork\peerproject-master\plugins\webhook\release win32\webhook_i.h
e:\zengxianxi\vcppwork\peerproject-master\plugins\webhook\release win32\webhook.res
e:\zengxianxi\vcppwork\peerproject-master\plugins\webhook\release win32\webhook32.lib
e:\zengxianxi\vcppwork\peerproject-master\plugins\webhook\release win32\webhook32.exp
e:\zengxianxi\vcppwork\peerproject-master\plugins\webhook\release win32\webhook32.tlog\cl.command.1.tlog
e:\zengxianxi\vcppwork\peerproject-master\plugins\webhook\release win32\webhook32.tlog\cl.read.1.tlog
e:\zengxianxi\vcppwork\peerproject-master\plugins\webhook\release win32\webhook32.tlog\cl.write.1.tlog
e:\zengxianxi\vcppwork\peerproject-master\plugins\webhook\release win32\webhook32.tlog\link.command.1.tlog
e:\zengxianxi\vcppwork\peerproject-master\plugins\webhook\release win32\webhook32.tlog\link.read.1.tlog
e:\zengxianxi\vcppwork\peerproject-master\plugins\webhook\release win32\webhook32.tlog\link.write.1.tlog
e:\zengxianxi\vcppwork\peerproject-master\plugins\webhook\release win32\webhook32.tlog\midl.command.1.tlog
e:\zengxianxi\vcppwork\peerproject-master\plugins\webhook\release win32\webhook32.tlog\midl.read.1.tlog
e:\zengxianxi\vcppwork\peerproject-master\plugins\webhook\release win32\webhook32.tlog\midl.write.1.tlog
e:\zengxianxi\vcppwork\peerproject-master\plugins\webhook\release win32\webhook32.tlog\rc.command.1.tlog
e:\zengxianxi\vcppwork\peerproject-master\plugins\webhook\release win32\webhook32.tlog\rc.read.1.tlog
e:\zengxianxi\vcppwork\peerproject-master\plugins\webhook\release win32\webhook32.tlog\rc.write.1.tlog
e:\zengxianxi\vcppwork\peerproject-master\plugins\webhook\release win32\webhook32.tlog\webhook32.write.1u.tlog
