e:\zengxianxi\vcppwork\peerproject-master\plugins\documentreader\release win32\documentreader.pch
e:\zengxianxi\vcppwork\peerproject-master\plugins\documentreader\release win32\vc142.pdb
e:\zengxianxi\vcppwork\peerproject-master\plugins\documentreader\release win32\stdafx.obj
e:\zengxianxi\vcppwork\peerproject-master\plugins\documentreader\release win32\coreutils.obj
e:\zengxianxi\vcppwork\peerproject-master\plugins\documentreader\release win32\propitem.obj
e:\zengxianxi\vcppwork\peerproject-master\plugins\documentreader\release win32\documentreader.obj
e:\zengxianxi\vcppwork\peerproject-master\plugins\documentreader\release win32\docreader.obj
e:\zengxianxi\vcppwork\peerproject-master\plugins\documentreader\release win32\documentreader_i.obj
e:\zengxianxi\vcppwork\peerproject-master\plugins\documentreader\release win32\documentreader.lib
e:\zengxianxi\vcppwork\peerproject-master\plugins\documentreader\release win32\documentreader.exp
e:\zengxianxi\vcppwork\peerproject-master\plugins\documentreader\release win32\documentreader.dll
e:\zengxianxi\vcppwork\peerproject-master\plugins\documentreader\release win32\documentreader.pdb
e:\zengxianxi\vcppwork\peerproject-master\plugins\documentreader\release win32\documentreader.tlb
e:\zengxianxi\vcppwork\peerproject-master\plugins\documentreader\documentreader_i.c
e:\zengxianxi\vcppwork\peerproject-master\plugins\documentreader\documentreader.h
e:\zengxianxi\vcppwork\peerproject-master\plugins\documentreader\release win32\peerproject.tlb
e:\zengxianxi\vcppwork\peerproject-master\plugins\documentreader\peerproject_i.c
e:\zengxianxi\vcppwork\peerproject-master\plugins\documentreader\peerproject.h
e:\zengxianxi\vcppwork\peerproject-master\plugins\documentreader\release win32\documentreader.res
e:\zengxianxi\vcppwork\peerproject-master\plugins\documentreader\release win32\documentreader.tlog\cl.command.1.tlog
e:\zengxianxi\vcppwork\peerproject-master\plugins\documentreader\release win32\documentreader.tlog\cl.read.1.tlog
e:\zengxianxi\vcppwork\peerproject-master\plugins\documentreader\release win32\documentreader.tlog\cl.write.1.tlog
e:\zengxianxi\vcppwork\peerproject-master\plugins\documentreader\release win32\documentreader.tlog\documentreader.write.1u.tlog
e:\zengxianxi\vcppwork\peerproject-master\plugins\documentreader\release win32\documentreader.tlog\link.command.1.tlog
e:\zengxianxi\vcppwork\peerproject-master\plugins\documentreader\release win32\documentreader.tlog\link.read.1.tlog
e:\zengxianxi\vcppwork\peerproject-master\plugins\documentreader\release win32\documentreader.tlog\link.write.1.tlog
e:\zengxianxi\vcppwork\peerproject-master\plugins\documentreader\release win32\documentreader.tlog\midl.command.1.tlog
e:\zengxianxi\vcppwork\peerproject-master\plugins\documentreader\release win32\documentreader.tlog\midl.read.1.tlog
e:\zengxianxi\vcppwork\peerproject-master\plugins\documentreader\release win32\documentreader.tlog\midl.write.1.tlog
e:\zengxianxi\vcppwork\peerproject-master\plugins\documentreader\release win32\documentreader.tlog\rc.command.1.tlog
e:\zengxianxi\vcppwork\peerproject-master\plugins\documentreader\release win32\documentreader.tlog\rc.read.1.tlog
e:\zengxianxi\vcppwork\peerproject-master\plugins\documentreader\release win32\documentreader.tlog\rc.write.1.tlog
