e:\zengxianxi\vcppwork\peerproject-master\plugins\gflimageservices\release win32\gflimageservices.pch
e:\zengxianxi\vcppwork\peerproject-master\plugins\gflimageservices\release win32\vc142.pdb
e:\zengxianxi\vcppwork\peerproject-master\plugins\gflimageservices\release win32\stdafx.obj
e:\zengxianxi\vcppwork\peerproject-master\plugins\gflimageservices\release win32\gflimageservices.obj
e:\zengxianxi\vcppwork\peerproject-master\plugins\gflimageservices\release win32\gflreader.obj
e:\zengxianxi\vcppwork\peerproject-master\plugins\gflimageservices\release win32\gflimageservices_i.obj
e:\zengxianxi\vcppwork\peerproject-master\plugins\gflimageservices\release win32\gflimageservices.lib
e:\zengxianxi\vcppwork\peerproject-master\plugins\gflimageservices\release win32\gflimageservices.exp
e:\zengxianxi\vcppwork\peerproject-master\plugins\gflimageservices\release win32\gflimageservices.dll
e:\zengxianxi\vcppwork\peerproject-master\plugins\gflimageservices\release win32\gflimageservices.tlb
e:\zengxianxi\vcppwork\peerproject-master\plugins\gflimageservices\gflimageservices_i.c
e:\zengxianxi\vcppwork\peerproject-master\plugins\gflimageservices\gflimageservices.h
e:\zengxianxi\vcppwork\peerproject-master\plugins\gflimageservices\release win32\peerproject.tlb
e:\zengxianxi\vcppwork\peerproject-master\plugins\gflimageservices\peerproject_i.c
e:\zengxianxi\vcppwork\peerproject-master\plugins\gflimageservices\peerproject.h
e:\zengxianxi\vcppwork\peerproject-master\plugins\gflimageservices\release win32\gflimageservices.res
e:\zengxianxi\vcppwork\peerproject-master\plugins\gflimageservices\release win32\gflimageservices.tlog\cl.command.1.tlog
e:\zengxianxi\vcppwork\peerproject-master\plugins\gflimageservices\release win32\gflimageservices.tlog\cl.read.1.tlog
e:\zengxianxi\vcppwork\peerproject-master\plugins\gflimageservices\release win32\gflimageservices.tlog\cl.write.1.tlog
e:\zengxianxi\vcppwork\peerproject-master\plugins\gflimageservices\release win32\gflimageservices.tlog\gflimageservices.write.1u.tlog
e:\zengxianxi\vcppwork\peerproject-master\plugins\gflimageservices\release win32\gflimageservices.tlog\link.command.1.tlog
e:\zengxianxi\vcppwork\peerproject-master\plugins\gflimageservices\release win32\gflimageservices.tlog\link.read.1.tlog
e:\zengxianxi\vcppwork\peerproject-master\plugins\gflimageservices\release win32\gflimageservices.tlog\link.write.1.tlog
e:\zengxianxi\vcppwork\peerproject-master\plugins\gflimageservices\release win32\gflimageservices.tlog\midl.command.1.tlog
e:\zengxianxi\vcppwork\peerproject-master\plugins\gflimageservices\release win32\gflimageservices.tlog\midl.read.1.tlog
e:\zengxianxi\vcppwork\peerproject-master\plugins\gflimageservices\release win32\gflimageservices.tlog\midl.write.1.tlog
e:\zengxianxi\vcppwork\peerproject-master\plugins\gflimageservices\release win32\gflimageservices.tlog\rc.command.1.tlog
e:\zengxianxi\vcppwork\peerproject-master\plugins\gflimageservices\release win32\gflimageservices.tlog\rc.read.1.tlog
e:\zengxianxi\vcppwork\peerproject-master\plugins\gflimageservices\release win32\gflimageservices.tlog\rc.write.1.tlog
