e:\zengxianxi\vcppwork\peerproject-master\plugins\rarbuilder\release win32\rarbuilder.pch
e:\zengxianxi\vcppwork\peerproject-master\plugins\rarbuilder\release win32\vc142.pdb
e:\zengxianxi\vcppwork\peerproject-master\plugins\rarbuilder\release win32\stdafx.obj
e:\zengxianxi\vcppwork\peerproject-master\plugins\rarbuilder\release win32\class.obj
e:\zengxianxi\vcppwork\peerproject-master\plugins\rarbuilder\release win32\rarbuilder.obj
e:\zengxianxi\vcppwork\peerproject-master\plugins\rarbuilder\release win32\rarbuilder_i.obj
e:\zengxianxi\vcppwork\peerproject-master\plugins\rarbuilder\release win32\rarbuilder.dll
e:\zengxianxi\vcppwork\peerproject-master\plugins\rarbuilder\release win32\rarbuilder.tlb
e:\zengxianxi\vcppwork\peerproject-master\plugins\rarbuilder\rarbuilder_i.c
e:\zengxianxi\vcppwork\peerproject-master\plugins\rarbuilder\rarbuilder.h
e:\zengxianxi\vcppwork\peerproject-master\plugins\rarbuilder\release win32\peerproject.tlb
e:\zengxianxi\vcppwork\peerproject-master\plugins\rarbuilder\peerproject_i.c
e:\zengxianxi\vcppwork\peerproject-master\plugins\rarbuilder\peerproject.h
e:\zengxianxi\vcppwork\peerproject-master\plugins\rarbuilder\release win32\rarbuilder.lib
e:\zengxianxi\vcppwork\peerproject-master\plugins\rarbuilder\release win32\rarbuilder.exp
e:\zengxianxi\vcppwork\peerproject-master\plugins\rarbuilder\release win32\rarbuilder.res
e:\zengxianxi\vcppwork\peerproject-master\plugins\rarbuilder\release win32\rarbuilder.tlog\cl.command.1.tlog
e:\zengxianxi\vcppwork\peerproject-master\plugins\rarbuilder\release win32\rarbuilder.tlog\cl.read.1.tlog
e:\zengxianxi\vcppwork\peerproject-master\plugins\rarbuilder\release win32\rarbuilder.tlog\cl.write.1.tlog
e:\zengxianxi\vcppwork\peerproject-master\plugins\rarbuilder\release win32\rarbuilder.tlog\link.command.1.tlog
e:\zengxianxi\vcppwork\peerproject-master\plugins\rarbuilder\release win32\rarbuilder.tlog\link.read.1.tlog
e:\zengxianxi\vcppwork\peerproject-master\plugins\rarbuilder\release win32\rarbuilder.tlog\link.write.1.tlog
e:\zengxianxi\vcppwork\peerproject-master\plugins\rarbuilder\release win32\rarbuilder.tlog\midl.command.1.tlog
e:\zengxianxi\vcppwork\peerproject-master\plugins\rarbuilder\release win32\rarbuilder.tlog\midl.read.1.tlog
e:\zengxianxi\vcppwork\peerproject-master\plugins\rarbuilder\release win32\rarbuilder.tlog\midl.write.1.tlog
e:\zengxianxi\vcppwork\peerproject-master\plugins\rarbuilder\release win32\rarbuilder.tlog\rarbuilder.write.1u.tlog
e:\zengxianxi\vcppwork\peerproject-master\plugins\rarbuilder\release win32\rarbuilder.tlog\rc.command.1.tlog
e:\zengxianxi\vcppwork\peerproject-master\plugins\rarbuilder\release win32\rarbuilder.tlog\rc.read.1.tlog
e:\zengxianxi\vcppwork\peerproject-master\plugins\rarbuilder\release win32\rarbuilder.tlog\rc.write.1.tlog
