e:\zengxianxi\vcppwork\peerproject-master\plugins\imageviewer\release win32\imageviewer.pch
e:\zengxianxi\vcppwork\peerproject-master\plugins\imageviewer\release win32\vc142.pdb
e:\zengxianxi\vcppwork\peerproject-master\plugins\imageviewer\release win32\stdafx.obj
e:\zengxianxi\vcppwork\peerproject-master\plugins\imageviewer\release win32\imageviewerplugin.obj
e:\zengxianxi\vcppwork\peerproject-master\plugins\imageviewer\release win32\imageviewer.obj
e:\zengxianxi\vcppwork\peerproject-master\plugins\imageviewer\release win32\image.obj
e:\zengxianxi\vcppwork\peerproject-master\plugins\imageviewer\release win32\imagewindow.obj
e:\zengxianxi\vcppwork\peerproject-master\plugins\imageviewer\release win32\imageviewer_i.obj
e:\zengxianxi\vcppwork\peerproject-master\plugins\imageviewer\release win32\imageviewer.lib
e:\zengxianxi\vcppwork\peerproject-master\plugins\imageviewer\release win32\imageviewer.exp
e:\zengxianxi\vcppwork\peerproject-master\plugins\imageviewer\release win32\imageviewer.dll
e:\zengxianxi\vcppwork\peerproject-master\plugins\imageviewer\release win32\imageviewer.pdb
e:\zengxianxi\vcppwork\peerproject-master\plugins\imageviewer\release win32\imageviewer.tlb
e:\zengxianxi\vcppwork\peerproject-master\plugins\imageviewer\imageviewer_i.c
e:\zengxianxi\vcppwork\peerproject-master\plugins\imageviewer\imageviewer.h
e:\zengxianxi\vcppwork\peerproject-master\plugins\imageviewer\release win32\peerproject.tlb
e:\zengxianxi\vcppwork\peerproject-master\plugins\imageviewer\peerproject_i.c
e:\zengxianxi\vcppwork\peerproject-master\plugins\imageviewer\peerproject.h
e:\zengxianxi\vcppwork\peerproject-master\plugins\imageviewer\release win32\imageviewer.res
e:\zengxianxi\vcppwork\peerproject-master\plugins\imageviewer\release win32\imageviewer.tlog\cl.command.1.tlog
e:\zengxianxi\vcppwork\peerproject-master\plugins\imageviewer\release win32\imageviewer.tlog\cl.read.1.tlog
e:\zengxianxi\vcppwork\peerproject-master\plugins\imageviewer\release win32\imageviewer.tlog\cl.write.1.tlog
e:\zengxianxi\vcppwork\peerproject-master\plugins\imageviewer\release win32\imageviewer.tlog\imageviewer.write.1u.tlog
e:\zengxianxi\vcppwork\peerproject-master\plugins\imageviewer\release win32\imageviewer.tlog\link.command.1.tlog
e:\zengxianxi\vcppwork\peerproject-master\plugins\imageviewer\release win32\imageviewer.tlog\link.read.1.tlog
e:\zengxianxi\vcppwork\peerproject-master\plugins\imageviewer\release win32\imageviewer.tlog\link.write.1.tlog
e:\zengxianxi\vcppwork\peerproject-master\plugins\imageviewer\release win32\imageviewer.tlog\midl.command.1.tlog
e:\zengxianxi\vcppwork\peerproject-master\plugins\imageviewer\release win32\imageviewer.tlog\midl.read.1.tlog
e:\zengxianxi\vcppwork\peerproject-master\plugins\imageviewer\release win32\imageviewer.tlog\midl.write.1.tlog
e:\zengxianxi\vcppwork\peerproject-master\plugins\imageviewer\release win32\imageviewer.tlog\rc.command.1.tlog
e:\zengxianxi\vcppwork\peerproject-master\plugins\imageviewer\release win32\imageviewer.tlog\rc.read.1.tlog
e:\zengxianxi\vcppwork\peerproject-master\plugins\imageviewer\release win32\imageviewer.tlog\rc.write.1.tlog
