e:\zengxianxi\vcppwork\peerproject-master\torrentwizard\release win32\torrentwizard.pch
e:\zengxianxi\vcppwork\peerproject-master\torrentwizard\release win32\vc142.pdb
e:\zengxianxi\vcppwork\peerproject-master\torrentwizard\release win32\stdafx.obj
e:\zengxianxi\vcppwork\peerproject-master\torrentwizard\release win32\buffer.obj
e:\zengxianxi\vcppwork\peerproject-master\torrentwizard\release win32\pageoutput.obj
e:\zengxianxi\vcppwork\peerproject-master\torrentwizard\release win32\pagewelcome.obj
e:\zengxianxi\vcppwork\peerproject-master\torrentwizard\release win32\pagecomment.obj
e:\zengxianxi\vcppwork\peerproject-master\torrentwizard\release win32\pagetracker.obj
e:\zengxianxi\vcppwork\peerproject-master\torrentwizard\release win32\torrentwizard.obj
e:\zengxianxi\vcppwork\peerproject-master\torrentwizard\release win32\cmdline.obj
e:\zengxianxi\vcppwork\peerproject-master\torrentwizard\release win32\pagesingle.obj
e:\zengxianxi\vcppwork\peerproject-master\torrentwizard\release win32\pagefinished.obj
e:\zengxianxi\vcppwork\peerproject-master\torrentwizard\release win32\torrentbuilder.obj
e:\zengxianxi\vcppwork\peerproject-master\torrentwizard\release win32\benode.obj
e:\zengxianxi\vcppwork\peerproject-master\torrentwizard\release win32\pagepackage.obj
e:\zengxianxi\vcppwork\peerproject-master\torrentwizard\release win32\wizardsheet.obj
e:\zengxianxi\vcppwork\peerproject-master\torrentwizard\release win32\pageexpert.obj
e:\zengxianxi\vcppwork\peerproject-master\torrentwizard\release win32\torrentwizard.exe
e:\zengxianxi\vcppwork\peerproject-master\torrentwizard\release win32\torrentwizard.pdb
e:\zengxianxi\vcppwork\peerproject-master\torrentwizard\release win32\torrentwizard.res
e:\zengxianxi\vcppwork\peerproject-master\torrentwizard\release win32\torrentwizard.tlog\cl.command.1.tlog
e:\zengxianxi\vcppwork\peerproject-master\torrentwizard\release win32\torrentwizard.tlog\cl.read.1.tlog
e:\zengxianxi\vcppwork\peerproject-master\torrentwizard\release win32\torrentwizard.tlog\cl.write.1.tlog
e:\zengxianxi\vcppwork\peerproject-master\torrentwizard\release win32\torrentwizard.tlog\link.command.1.tlog
e:\zengxianxi\vcppwork\peerproject-master\torrentwizard\release win32\torrentwizard.tlog\link.read.1.tlog
e:\zengxianxi\vcppwork\peerproject-master\torrentwizard\release win32\torrentwizard.tlog\link.write.1.tlog
e:\zengxianxi\vcppwork\peerproject-master\torrentwizard\release win32\torrentwizard.tlog\rc.command.1.tlog
e:\zengxianxi\vcppwork\peerproject-master\torrentwizard\release win32\torrentwizard.tlog\rc.read.1.tlog
e:\zengxianxi\vcppwork\peerproject-master\torrentwizard\release win32\torrentwizard.tlog\rc.write.1.tlog
