e:\zengxianxi\vcppwork\peerproject-master\plugins\7zipbuilder\release win32\7zipbuilder.lib
e:\zengxianxi\vcppwork\peerproject-master\plugins\7zipbuilder\release win32\7zipbuilder.exp
e:\zengxianxi\vcppwork\peerproject-master\plugins\7zipbuilder\release win32\7zipbuilder.pch
e:\zengxianxi\vcppwork\peerproject-master\plugins\7zipbuilder\release win32\vc142.pdb
e:\zengxianxi\vcppwork\peerproject-master\plugins\7zipbuilder\release win32\stdafx.obj
e:\zengxianxi\vcppwork\peerproject-master\plugins\7zipbuilder\release win32\7zipbuilder.obj
e:\zengxianxi\vcppwork\peerproject-master\plugins\7zipbuilder\release win32\class.obj
e:\zengxianxi\vcppwork\peerproject-master\plugins\7zipbuilder\release win32\7zipbuilder_i.obj
e:\zengxianxi\vcppwork\peerproject-master\plugins\7zipbuilder\release win32\7zipbuilder.dll
e:\zengxianxi\vcppwork\peerproject-master\plugins\7zipbuilder\release win32\7zipbuilder.tlb
e:\zengxianxi\vcppwork\peerproject-master\plugins\7zipbuilder\7zipbuilder_i.c
e:\zengxianxi\vcppwork\peerproject-master\plugins\7zipbuilder\7zipbuilder.h
e:\zengxianxi\vcppwork\peerproject-master\plugins\7zipbuilder\release win32\peerproject.tlb
e:\zengxianxi\vcppwork\peerproject-master\plugins\7zipbuilder\peerproject_i.c
e:\zengxianxi\vcppwork\peerproject-master\plugins\7zipbuilder\peerproject.h
e:\zengxianxi\vcppwork\peerproject-master\plugins\7zipbuilder\release win32\7zipbuilder.res
e:\zengxianxi\vcppwork\peerproject-master\plugins\7zipbuilder\release win32\7zipbuilder.tlog\7zipbuilder.write.1u.tlog
e:\zengxianxi\vcppwork\peerproject-master\plugins\7zipbuilder\release win32\7zipbuilder.tlog\cl.command.1.tlog
e:\zengxianxi\vcppwork\peerproject-master\plugins\7zipbuilder\release win32\7zipbuilder.tlog\cl.read.1.tlog
e:\zengxianxi\vcppwork\peerproject-master\plugins\7zipbuilder\release win32\7zipbuilder.tlog\cl.write.1.tlog
e:\zengxianxi\vcppwork\peerproject-master\plugins\7zipbuilder\release win32\7zipbuilder.tlog\link.command.1.tlog
e:\zengxianxi\vcppwork\peerproject-master\plugins\7zipbuilder\release win32\7zipbuilder.tlog\link.read.1.tlog
e:\zengxianxi\vcppwork\peerproject-master\plugins\7zipbuilder\release win32\7zipbuilder.tlog\link.write.1.tlog
e:\zengxianxi\vcppwork\peerproject-master\plugins\7zipbuilder\release win32\7zipbuilder.tlog\midl.command.1.tlog
e:\zengxianxi\vcppwork\peerproject-master\plugins\7zipbuilder\release win32\7zipbuilder.tlog\midl.read.1.tlog
e:\zengxianxi\vcppwork\peerproject-master\plugins\7zipbuilder\release win32\7zipbuilder.tlog\midl.write.1.tlog
e:\zengxianxi\vcppwork\peerproject-master\plugins\7zipbuilder\release win32\7zipbuilder.tlog\rc.command.1.tlog
e:\zengxianxi\vcppwork\peerproject-master\plugins\7zipbuilder\release win32\7zipbuilder.tlog\rc.read.1.tlog
e:\zengxianxi\vcppwork\peerproject-master\plugins\7zipbuilder\release win32\7zipbuilder.tlog\rc.write.1.tlog
