e:\zengxianxi\vcppwork\peerproject-master\plugins\skinscan\release win32\skinscan.pch
e:\zengxianxi\vcppwork\peerproject-master\plugins\skinscan\release win32\vc142.pdb
e:\zengxianxi\vcppwork\peerproject-master\plugins\skinscan\release win32\stdafx.obj
e:\zengxianxi\vcppwork\peerproject-master\plugins\skinscan\release win32\skinscan.obj
e:\zengxianxi\vcppwork\peerproject-master\plugins\skinscan\release win32\class.obj
e:\zengxianxi\vcppwork\peerproject-master\plugins\skinscan\release win32\skinscan_i.obj
e:\zengxianxi\vcppwork\peerproject-master\plugins\skinscan\release win32\skinscan.dll
e:\zengxianxi\vcppwork\peerproject-master\plugins\skinscan\release win32\skinscan.pdb
e:\zengxianxi\vcppwork\peerproject-master\plugins\skinscan\release win32\peerproject.tlb
e:\zengxianxi\vcppwork\peerproject-master\plugins\skinscan\peerproject_i.c
e:\zengxianxi\vcppwork\peerproject-master\plugins\skinscan\peerproject.h
e:\zengxianxi\vcppwork\peerproject-master\plugins\skinscan\release win32\skinscan.tlb
e:\zengxianxi\vcppwork\peerproject-master\plugins\skinscan\skinscan_i.c
e:\zengxianxi\vcppwork\peerproject-master\plugins\skinscan\skinscan.h
e:\zengxianxi\vcppwork\peerproject-master\plugins\skinscan\release win32\skinscan.res
e:\zengxianxi\vcppwork\peerproject-master\plugins\skinscan\release win32\skinscan.lib
e:\zengxianxi\vcppwork\peerproject-master\plugins\skinscan\release win32\skinscan.exp
e:\zengxianxi\vcppwork\peerproject-master\plugins\skinscan\release win32\skinscan.tlog\cl.command.1.tlog
e:\zengxianxi\vcppwork\peerproject-master\plugins\skinscan\release win32\skinscan.tlog\cl.read.1.tlog
e:\zengxianxi\vcppwork\peerproject-master\plugins\skinscan\release win32\skinscan.tlog\cl.write.1.tlog
e:\zengxianxi\vcppwork\peerproject-master\plugins\skinscan\release win32\skinscan.tlog\link.command.1.tlog
e:\zengxianxi\vcppwork\peerproject-master\plugins\skinscan\release win32\skinscan.tlog\link.read.1.tlog
e:\zengxianxi\vcppwork\peerproject-master\plugins\skinscan\release win32\skinscan.tlog\link.write.1.tlog
e:\zengxianxi\vcppwork\peerproject-master\plugins\skinscan\release win32\skinscan.tlog\midl.command.1.tlog
e:\zengxianxi\vcppwork\peerproject-master\plugins\skinscan\release win32\skinscan.tlog\midl.read.1.tlog
e:\zengxianxi\vcppwork\peerproject-master\plugins\skinscan\release win32\skinscan.tlog\midl.write.1.tlog
e:\zengxianxi\vcppwork\peerproject-master\plugins\skinscan\release win32\skinscan.tlog\rc.command.1.tlog
e:\zengxianxi\vcppwork\peerproject-master\plugins\skinscan\release win32\skinscan.tlog\rc.read.1.tlog
e:\zengxianxi\vcppwork\peerproject-master\plugins\skinscan\release win32\skinscan.tlog\rc.write.1.tlog
e:\zengxianxi\vcppwork\peerproject-master\plugins\skinscan\release win32\skinscan.tlog\skinscan.write.1u.tlog
