e:\zengxianxi\vcppwork\peerproject-master\services\bugtrap\release win32\bugtrap.lib
e:\zengxianxi\vcppwork\peerproject-master\services\bugtrap\release win32\bugtrap.exp
e:\zengxianxi\vcppwork\peerproject-master\services\bugtrap\release win32\bugtrap.pch
e:\zengxianxi\vcppwork\peerproject-master\services\bugtrap\release win32\bugtrap.pdb
e:\zengxianxi\vcppwork\peerproject-master\services\bugtrap\release win32\stdafx.obj
e:\zengxianxi\vcppwork\peerproject-master\services\bugtrap\release win32\machinestatedlg.obj
e:\zengxianxi\vcppwork\peerproject-master\services\bugtrap\release win32\hexview.obj
e:\zengxianxi\vcppwork\peerproject-master\services\bugtrap\release win32\cmapi.obj
e:\zengxianxi\vcppwork\peerproject-master\services\bugtrap\release win32\textlogfile.obj
e:\zengxianxi\vcppwork\peerproject-master\services\bugtrap\release win32\globals.obj
e:\zengxianxi\vcppwork\peerproject-master\services\bugtrap\release win32\inputstream.obj
e:\zengxianxi\vcppwork\peerproject-master\services\bugtrap\release win32\outputstream.obj
e:\zengxianxi\vcppwork\peerproject-master\services\bugtrap\release win32\maindlg.obj
e:\zengxianxi\vcppwork\peerproject-master\services\bugtrap\release win32\transferprogressdlg.obj
e:\zengxianxi\vcppwork\peerproject-master\services\bugtrap\release win32\layoutmanager.obj
e:\zengxianxi\vcppwork\peerproject-master\services\bugtrap\release win32\logfile.obj
e:\zengxianxi\vcppwork\peerproject-master\services\bugtrap\release win32\xmllogfile.obj
e:\zengxianxi\vcppwork\peerproject-master\services\bugtrap\release win32\resmanager.obj
e:\zengxianxi\vcppwork\peerproject-master\services\bugtrap\release win32\previewdlg.obj
e:\zengxianxi\vcppwork\peerproject-master\services\bugtrap\release win32\colhelper.obj
e:\zengxianxi\vcppwork\peerproject-master\services\bugtrap\release win32\imageview.obj
e:\zengxianxi\vcppwork\peerproject-master\services\bugtrap\release win32\waitcursor.obj
e:\zengxianxi\vcppwork\peerproject-master\services\bugtrap\release win32\symengine.obj
e:\zengxianxi\vcppwork\peerproject-master\services\bugtrap\release win32\textformat.obj
e:\zengxianxi\vcppwork\peerproject-master\services\bugtrap\release win32\memstream.obj
e:\zengxianxi\vcppwork\peerproject-master\services\bugtrap\release win32\machineinfodlg.obj
e:\zengxianxi\vcppwork\peerproject-master\services\bugtrap\release win32\waitdlg.obj
e:\zengxianxi\vcppwork\peerproject-master\services\bugtrap\release win32\strholder.obj
e:\zengxianxi\vcppwork\peerproject-master\services\bugtrap\release win32\splitter.obj
e:\zengxianxi\vcppwork\peerproject-master\services\bugtrap\release win32\logstream.obj
e:\zengxianxi\vcppwork\peerproject-master\services\bugtrap\release win32\bugtraputils.obj
e:\zengxianxi\vcppwork\peerproject-master\services\bugtrap\release win32\xmlreader.obj
e:\zengxianxi\vcppwork\peerproject-master\services\bugtrap\release win32\aboutdlg.obj
e:\zengxianxi\vcppwork\peerproject-master\services\bugtrap\release win32\sendmaildlg.obj
e:\zengxianxi\vcppwork\peerproject-master\services\bugtrap\release win32\hyperlink.obj
e:\zengxianxi\vcppwork\peerproject-master\services\bugtrap\release win32\enumprocess.obj
e:\zengxianxi\vcppwork\peerproject-master\services\bugtrap\release win32\themexp.obj
e:\zengxianxi\vcppwork\peerproject-master\services\bugtrap\release win32\bugtrapui.obj
e:\zengxianxi\vcppwork\peerproject-master\services\bugtrap\release win32\encoding.obj
e:\zengxianxi\vcppwork\peerproject-master\services\bugtrap\release win32\filestream.obj
e:\zengxianxi\vcppwork\peerproject-master\services\bugtrap\release win32\strstream.obj
e:\zengxianxi\vcppwork\peerproject-master\services\bugtrap\release win32\describeerrordlg.obj
e:\zengxianxi\vcppwork\peerproject-master\services\bugtrap\release win32\simpledlg.obj
e:\zengxianxi\vcppwork\peerproject-master\services\bugtrap\release win32\animprogressbar.obj
e:\zengxianxi\vcppwork\peerproject-master\services\bugtrap\release win32\textview.obj
e:\zengxianxi\vcppwork\peerproject-master\services\bugtrap\release win32\inmemlogfile.obj
e:\zengxianxi\vcppwork\peerproject-master\services\bugtrap\release win32\moduleimporttable.obj
e:\zengxianxi\vcppwork\peerproject-master\services\bugtrap\release win32\bugtrap.obj
e:\zengxianxi\vcppwork\peerproject-master\services\bugtrap\release win32\xmlwriter.obj
e:\zengxianxi\vcppwork\peerproject-master\services\bugtrap\release win32\bugtrap.dll
e:\zengxianxi\vcppwork\peerproject-master\services\bugtrap\release win32\bugtrap.res
e:\zengxianxi\vcppwork\peerproject-master\services\bugtrap\release win32\bugtrap.tlog\bugtrap.write.1u.tlog
e:\zengxianxi\vcppwork\peerproject-master\services\bugtrap\release win32\bugtrap.tlog\cl.command.1.tlog
e:\zengxianxi\vcppwork\peerproject-master\services\bugtrap\release win32\bugtrap.tlog\cl.read.1.tlog
e:\zengxianxi\vcppwork\peerproject-master\services\bugtrap\release win32\bugtrap.tlog\cl.write.1.tlog
e:\zengxianxi\vcppwork\peerproject-master\services\bugtrap\release win32\bugtrap.tlog\link.command.1.tlog
e:\zengxianxi\vcppwork\peerproject-master\services\bugtrap\release win32\bugtrap.tlog\link.read.1.tlog
e:\zengxianxi\vcppwork\peerproject-master\services\bugtrap\release win32\bugtrap.tlog\link.write.1.tlog
e:\zengxianxi\vcppwork\peerproject-master\services\bugtrap\release win32\bugtrap.tlog\rc.command.1.tlog
e:\zengxianxi\vcppwork\peerproject-master\services\bugtrap\release win32\bugtrap.tlog\rc.read.1.tlog
e:\zengxianxi\vcppwork\peerproject-master\services\bugtrap\release win32\bugtrap.tlog\rc.write.1.tlog
