e:\zengxianxi\vcppwork\peerproject-master\hashlib\release win32\hashlib.pch
e:\zengxianxi\vcppwork\peerproject-master\hashlib\release win32\vc142.pdb
e:\zengxianxi\vcppwork\peerproject-master\hashlib\release win32\stdafx.obj
e:\zengxianxi\vcppwork\peerproject-master\hashlib\release win32\md5.obj
e:\zengxianxi\vcppwork\peerproject-master\hashlib\release win32\hashlib.obj
e:\zengxianxi\vcppwork\peerproject-master\hashlib\release win32\sha.obj
e:\zengxianxi\vcppwork\peerproject-master\hashlib\release win32\tigertree.obj
e:\zengxianxi\vcppwork\peerproject-master\hashlib\release win32\ed2k.obj
e:\zengxianxi\vcppwork\peerproject-master\hashlib\release win32\md4.obj
e:\zengxianxi\vcppwork\peerproject-master\hashlib\release win32\hashlib.lib
e:\zengxianxi\vcppwork\peerproject-master\hashlib\release win32\hashlib.exp
e:\zengxianxi\vcppwork\peerproject-master\hashlib\release win32\hashlib.dll
e:\zengxianxi\vcppwork\peerproject-master\hashlib\release win32\hashlib.pdb
e:\zengxianxi\vcppwork\peerproject-master\hashlib\release win32\md4.32.obj
e:\zengxianxi\vcppwork\peerproject-master\hashlib\release win32\md5.32.obj
e:\zengxianxi\vcppwork\peerproject-master\hashlib\release win32\sha.32.obj
e:\zengxianxi\vcppwork\peerproject-master\hashlib\release win32\tiger.32.obj
e:\zengxianxi\vcppwork\peerproject-master\hashlib\release win32\hashlib.res
e:\zengxianxi\vcppwork\peerproject-master\hashlib\release win32\hashlib.tlog\cl.command.1.tlog
e:\zengxianxi\vcppwork\peerproject-master\hashlib\release win32\hashlib.tlog\cl.read.1.tlog
e:\zengxianxi\vcppwork\peerproject-master\hashlib\release win32\hashlib.tlog\cl.write.1.tlog
e:\zengxianxi\vcppwork\peerproject-master\hashlib\release win32\hashlib.tlog\hashlib.write.1u.tlog
e:\zengxianxi\vcppwork\peerproject-master\hashlib\release win32\hashlib.tlog\link.command.1.tlog
e:\zengxianxi\vcppwork\peerproject-master\hashlib\release win32\hashlib.tlog\link.read.1.tlog
e:\zengxianxi\vcppwork\peerproject-master\hashlib\release win32\hashlib.tlog\link.write.1.tlog
e:\zengxianxi\vcppwork\peerproject-master\hashlib\release win32\hashlib.tlog\masm.read.1u.tlog
e:\zengxianxi\vcppwork\peerproject-master\hashlib\release win32\hashlib.tlog\masm.write.1u.tlog
e:\zengxianxi\vcppwork\peerproject-master\hashlib\release win32\hashlib.tlog\rc.command.1.tlog
e:\zengxianxi\vcppwork\peerproject-master\hashlib\release win32\hashlib.tlog\rc.read.1.tlog
e:\zengxianxi\vcppwork\peerproject-master\hashlib\release win32\hashlib.tlog\rc.write.1.tlog
