e:\zengxianxi\vcppwork\peerproject-master\peerproject\release win32\peerproject.pch
e:\zengxianxi\vcppwork\peerproject-master\peerproject\release win32\peerproject.pdb
e:\zengxianxi\vcppwork\peerproject-master\peerproject\release win32\stdafx.obj
e:\zengxianxi\vcppwork\peerproject-master\peerproject\release win32\benode.obj
e:\zengxianxi\vcppwork\peerproject-master\peerproject\release win32\btclient.obj
e:\zengxianxi\vcppwork\peerproject-master\peerproject\release win32\comobject.obj
e:\zengxianxi\vcppwork\peerproject-master\peerproject\release win32\coolinterface.obj
e:\zengxianxi\vcppwork\peerproject-master\peerproject\release win32\dcpacket.obj
e:\zengxianxi\vcppwork\peerproject-master\peerproject\release win32\download.obj
e:\zengxianxi\vcppwork\peerproject-master\peerproject\release win32\downloadtask.obj
e:\zengxianxi\vcppwork\peerproject-master\peerproject\release win32\downloadtransferftp.obj
e:\zengxianxi\vcppwork\peerproject-master\peerproject\release win32\downloadwithsources.obj
e:\zengxianxi\vcppwork\peerproject-master\peerproject\release win32\emoticons.obj
e:\zengxianxi\vcppwork\peerproject-master\peerproject\release win32\fragmentbar.obj
e:\zengxianxi\vcppwork\peerproject-master\peerproject\release win32\ggep.obj
e:\zengxianxi\vcppwork\peerproject-master\peerproject\release win32\handshake.obj
e:\zengxianxi\vcppwork\peerproject-master\peerproject\release win32\imagefile.obj
e:\zengxianxi\vcppwork\peerproject-master\peerproject\release win32\library.obj
e:\zengxianxi\vcppwork\peerproject-master\peerproject\release win32\libraryhistory.obj
e:\zengxianxi\vcppwork\peerproject-master\peerproject\release win32\metalist.obj
e:\zengxianxi\vcppwork\peerproject-master\peerproject\release win32\neighbourswithed2k.obj
e:\zengxianxi\vcppwork\peerproject-master\peerproject\release win32\pongcache.obj
e:\zengxianxi\vcppwork\peerproject-master\peerproject\release win32\queryhit.obj
e:\zengxianxi\vcppwork\peerproject-master\peerproject\release win32\richfragment.obj
e:\zengxianxi\vcppwork\peerproject-master\peerproject\release win32\schema.obj
e:\zengxianxi\vcppwork\peerproject-master\peerproject\release win32\sharedfile.obj
e:\zengxianxi\vcppwork\peerproject-master\peerproject\release win32\transfer.obj
e:\zengxianxi\vcppwork\peerproject-master\peerproject\release win32\uploadfiles.obj
e:\zengxianxi\vcppwork\peerproject-master\peerproject\release win32\uploads.obj
e:\zengxianxi\vcppwork\peerproject-master\peerproject\release win32\uploadtransfered2k.obj
e:\zengxianxi\vcppwork\peerproject-master\peerproject\release win32\worldgps.obj
e:\zengxianxi\vcppwork\peerproject-master\peerproject\release win32\zipfile.obj
e:\zengxianxi\vcppwork\peerproject-master\peerproject\release win32\ctrlbrowseframe.obj
e:\zengxianxi\vcppwork\peerproject-master\peerproject\release win32\ctrlcoolmenubar.obj
e:\zengxianxi\vcppwork\peerproject-master\peerproject\release win32\ctrlhomepanel.obj
e:\zengxianxi\vcppwork\peerproject-master\peerproject\release win32\ctrllibraryframe.obj
e:\zengxianxi\vcppwork\peerproject-master\peerproject\release win32\ctrllibrarytileview.obj
e:\zengxianxi\vcppwork\peerproject-master\peerproject\release win32\ctrlmediaframe.obj
e:\zengxianxi\vcppwork\peerproject-master\peerproject\release win32\ctrlsearchdetailpanel.obj
e:\zengxianxi\vcppwork\peerproject-master\peerproject\release win32\ctrltipfolder.obj
e:\zengxianxi\vcppwork\peerproject-master\peerproject\release win32\ctrlwndtabbar.obj
e:\zengxianxi\vcppwork\peerproject-master\peerproject\release win32\dlgconnectto.obj
e:\zengxianxi\vcppwork\peerproject-master\peerproject\release win32\dlgdonkeyimport.obj
e:\zengxianxi\vcppwork\peerproject-master\peerproject\release win32\dlgdownloadreviews.obj
e:\zengxianxi\vcppwork\peerproject-master\peerproject\release win32\dlgfiltersearch.obj
e:\zengxianxi\vcppwork\peerproject-master\peerproject\release win32\dlghitcolumns.obj
e:\zengxianxi\vcppwork\peerproject-master\peerproject\release win32\dlgprofilemanager.obj
e:\zengxianxi\vcppwork\peerproject-master\peerproject\release win32\dlgselect.obj
e:\zengxianxi\vcppwork\peerproject-master\peerproject\release win32\dlgskindialog.obj
e:\zengxianxi\vcppwork\peerproject-master\peerproject\release win32\dlgurlexport.obj
e:\zengxianxi\vcppwork\peerproject-master\peerproject\release win32\wndbrowsehost.obj
e:\zengxianxi\vcppwork\peerproject-master\peerproject\release win32\wndhashprogressbar.obj
e:\zengxianxi\vcppwork\peerproject-master\peerproject\release win32\wndlibrary.obj
e:\zengxianxi\vcppwork\peerproject-master\peerproject\release win32\wndpacket.obj
e:\zengxianxi\vcppwork\peerproject-master\peerproject\release win32\wndsecurity.obj
e:\zengxianxi\vcppwork\peerproject-master\peerproject\release win32\wndsystem.obj
e:\zengxianxi\vcppwork\peerproject-master\peerproject\release win32\wizardnetworkspage.obj
e:\zengxianxi\vcppwork\peerproject-master\peerproject\release win32\pagedownloadactions.obj
e:\zengxianxi\vcppwork\peerproject-master\peerproject\release win32\pageprofilecontact.obj
e:\zengxianxi\vcppwork\peerproject-master\peerproject\release win32\pagesettingsbittorrent.obj
e:\zengxianxi\vcppwork\peerproject-master\peerproject\release win32\pagesettingsgnutella.obj
e:\zengxianxi\vcppwork\peerproject-master\peerproject\release win32\pagesettingsnetworks.obj
e:\zengxianxi\vcppwork\peerproject-master\peerproject\release win32\pagesettingsskins.obj
e:\zengxianxi\vcppwork\peerproject-master\peerproject\release win32\bitprintsdownloader.obj
e:\zengxianxi\vcppwork\peerproject-master\peerproject\release win32\btpacket.obj
e:\zengxianxi\vcppwork\peerproject-master\peerproject\release win32\collectionfile.obj
e:\zengxianxi\vcppwork\peerproject-master\peerproject\release win32\datagrampart.obj
e:\zengxianxi\vcppwork\peerproject-master\peerproject\release win32\dcclients.obj
e:\zengxianxi\vcppwork\peerproject-master\peerproject\release win32\downloadbase.obj
e:\zengxianxi\vcppwork\peerproject-master\peerproject\release win32\downloads.obj
e:\zengxianxi\vcppwork\peerproject-master\peerproject\release win32\downloadtransfered2k.obj
e:\zengxianxi\vcppwork\peerproject-master\peerproject\release win32\edclient.obj
e:\zengxianxi\vcppwork\peerproject-master\peerproject\release win32\fragmentedfile.obj
e:\zengxianxi\vcppwork\peerproject-master\peerproject\release win32\graphitem.obj
e:\zengxianxi\vcppwork\peerproject-master\peerproject\release win32\hostcache.obj
e:\zengxianxi\vcppwork\peerproject-master\peerproject\release win32\libraryfolders.obj
e:\zengxianxi\vcppwork\peerproject-master\peerproject\release win32\localsearch.obj
e:\zengxianxi\vcppwork\peerproject-master\peerproject\release win32\neighbourswithconnect.obj
e:\zengxianxi\vcppwork\peerproject-master\peerproject\release win32\peerprojectdatasource.obj
e:\zengxianxi\vcppwork\peerproject-master\peerproject\release win32\queryhashgroup.obj
e:\zengxianxi\vcppwork\peerproject-master\peerproject\release win32\querykeys.obj
e:\zengxianxi\vcppwork\peerproject-master\peerproject\release win32\regexp.obj
e:\zengxianxi\vcppwork\peerproject-master\peerproject\release win32\routecache.obj
e:\zengxianxi\vcppwork\peerproject-master\peerproject\release win32\schemacache.obj
e:\zengxianxi\vcppwork\peerproject-master\peerproject\release win32\security.obj
e:\zengxianxi\vcppwork\peerproject-master\peerproject\release win32\strings.obj
e:\zengxianxi\vcppwork\peerproject-master\peerproject\release win32\uploadfile.obj
e:\zengxianxi\vcppwork\peerproject-master\peerproject\release win32\uploadtransfer.obj
e:\zengxianxi\vcppwork\peerproject-master\peerproject\release win32\upnpnat.obj
e:\zengxianxi\vcppwork\peerproject-master\peerproject\release win32\versionchecker.obj
e:\zengxianxi\vcppwork\peerproject-master\peerproject\release win32\xml.obj
e:\zengxianxi\vcppwork\peerproject-master\peerproject\release win32\ctrlbrowseprofile.obj
e:\zengxianxi\vcppwork\peerproject-master\peerproject\release win32\ctrldownloads.obj
e:\zengxianxi\vcppwork\peerproject-master\peerproject\release win32\ctrlircpanel.obj
e:\zengxianxi\vcppwork\peerproject-master\peerproject\release win32\ctrllibraryfileview.obj
e:\zengxianxi\vcppwork\peerproject-master\peerproject\release win32\ctrllibrarythumbview.obj
e:\zengxianxi\vcppwork\peerproject-master\peerproject\release win32\ctrlmatchtip.obj
e:\zengxianxi\vcppwork\peerproject-master\peerproject\release win32\ctrlrichtaskbox.obj
e:\zengxianxi\vcppwork\peerproject-master\peerproject\release win32\ctrlsearchpanel.obj
e:\zengxianxi\vcppwork\peerproject-master\peerproject\release win32\dlgabout.obj
e:\zengxianxi\vcppwork\peerproject-master\peerproject\release win32\dlgclosemode.obj
e:\zengxianxi\vcppwork\peerproject-master\peerproject\release win32\dlgdecodemetadata.obj
e:\zengxianxi\vcppwork\peerproject-master\peerproject\release win32\dlgdownloadmonitor.obj
e:\zengxianxi\vcppwork\peerproject-master\peerproject\release win32\dlgfilepropertiessheet.obj
e:\zengxianxi\vcppwork\peerproject-master\peerproject\release win32\dlghelp.obj
e:\zengxianxi\vcppwork\peerproject-master\peerproject\release win32\dlgnewsearch.obj
e:\zengxianxi\vcppwork\peerproject-master\peerproject\release win32\dlgsecurerule.obj
e:\zengxianxi\vcppwork\peerproject-master\peerproject\release win32\dlgurlcopy.obj
e:\zengxianxi\vcppwork\peerproject-master\peerproject\release win32\wndchild.obj
e:\zengxianxi\vcppwork\peerproject-master\peerproject\release win32\wndhome.obj
e:\zengxianxi\vcppwork\peerproject-master\peerproject\release win32\wndmain.obj
e:\zengxianxi\vcppwork\peerproject-master\peerproject\release win32\wndtraffic.obj
e:\zengxianxi\vcppwork\peerproject-master\peerproject\release win32\wizardinterfacepage.obj
e:\zengxianxi\vcppwork\peerproject-master\peerproject\release win32\wizardsheet.obj
e:\zengxianxi\vcppwork\peerproject-master\peerproject\release win32\pagefilegeneral.obj
e:\zengxianxi\vcppwork\peerproject-master\peerproject\release win32\pagefilesources.obj
e:\zengxianxi\vcppwork\peerproject-master\peerproject\release win32\pagepropertyadv.obj
e:\zengxianxi\vcppwork\peerproject-master\peerproject\release win32\pagesettingsdownloads.obj
e:\zengxianxi\vcppwork\peerproject-master\peerproject\release win32\pagesettingsremote.obj
e:\zengxianxi\vcppwork\peerproject-master\peerproject\release win32\pagetorrenttrackers.obj
e:\zengxianxi\vcppwork\peerproject-master\peerproject\release win32\albumfolder.obj
e:\zengxianxi\vcppwork\peerproject-master\peerproject\release win32\chatsession.obj
e:\zengxianxi\vcppwork\peerproject-master\peerproject\release win32\combolistctrl.obj
e:\zengxianxi\vcppwork\peerproject-master\peerproject\release win32\datagram.obj
e:\zengxianxi\vcppwork\peerproject-master\peerproject\release win32\datagrams.obj
e:\zengxianxi\vcppwork\peerproject-master\peerproject\release win32\displaydata.obj
e:\zengxianxi\vcppwork\peerproject-master\peerproject\release win32\downloadsource.obj
e:\zengxianxi\vcppwork\peerproject-master\peerproject\release win32\downloadwithsearch.obj
e:\zengxianxi\vcppwork\peerproject-master\peerproject\release win32\downloadwithtorrent.obj
e:\zengxianxi\vcppwork\peerproject-master\peerproject\release win32\edpartimporter.obj
e:\zengxianxi\vcppwork\peerproject-master\peerproject\release win32\g2neighbour.obj
e:\zengxianxi\vcppwork\peerproject-master\peerproject\release win32\handshakes.obj
e:\zengxianxi\vcppwork\peerproject-master\peerproject\release win32\hubhorizon.obj
e:\zengxianxi\vcppwork\peerproject-master\peerproject\release win32\imageservices.obj
e:\zengxianxi\vcppwork\peerproject-master\peerproject\release win32\librarybuilder.obj
e:\zengxianxi\vcppwork\peerproject-master\peerproject\release win32\librarymaps.obj
e:\zengxianxi\vcppwork\peerproject-master\peerproject\release win32\matchlistview.obj
e:\zengxianxi\vcppwork\peerproject-master\peerproject\release win32\neighbour.obj
e:\zengxianxi\vcppwork\peerproject-master\peerproject\release win32\neighbourswithg2.obj
e:\zengxianxi\vcppwork\peerproject-master\peerproject\release win32\network.obj
e:\zengxianxi\vcppwork\peerproject-master\peerproject\release win32\queryhashtable.obj
e:\zengxianxi\vcppwork\peerproject-master\peerproject\release win32\relatedsearch.obj
e:\zengxianxi\vcppwork\peerproject-master\peerproject\release win32\richdocument.obj
e:\zengxianxi\vcppwork\peerproject-master\peerproject\release win32\schemachild.obj
e:\zengxianxi\vcppwork\peerproject-master\peerproject\release win32\securerule.obj
e:\zengxianxi\vcppwork\peerproject-master\peerproject\release win32\shellicons.obj
e:\zengxianxi\vcppwork\peerproject-master\peerproject\release win32\skin.obj
e:\zengxianxi\vcppwork\peerproject-master\peerproject\release win32\uploadtransferhttp.obj
e:\zengxianxi\vcppwork\peerproject-master\peerproject\release win32\ctrlcoolbar.obj
e:\zengxianxi\vcppwork\peerproject-master\peerproject\release win32\ctrldownloadtabbar.obj
e:\zengxianxi\vcppwork\peerproject-master\peerproject\release win32\ctrliconbutton.obj
e:\zengxianxi\vcppwork\peerproject-master\peerproject\release win32\ctrllibraryalbumview.obj
e:\zengxianxi\vcppwork\peerproject-master\peerproject\release win32\ctrllibraryheaderpanel.obj
e:\zengxianxi\vcppwork\peerproject-master\peerproject\release win32\ctrllibrarymetapanel.obj
e:\zengxianxi\vcppwork\peerproject-master\peerproject\release win32\ctrlmaintabbar.obj
e:\zengxianxi\vcppwork\peerproject-master\peerproject\release win32\ctrlmedialist.obj
e:\zengxianxi\vcppwork\peerproject-master\peerproject\release win32\ctrlsharedfolder.obj
e:\zengxianxi\vcppwork\peerproject-master\peerproject\release win32\ctrluploads.obj
e:\zengxianxi\vcppwork\peerproject-master\peerproject\release win32\dlgdiscoveryservice.obj
e:\zengxianxi\vcppwork\peerproject-master\peerproject\release win32\dlgdownload.obj
e:\zengxianxi\vcppwork\peerproject-master\peerproject\release win32\dlgfilepreview.obj
e:\zengxianxi\vcppwork\peerproject-master\peerproject\release win32\dlggraphitem.obj
e:\zengxianxi\vcppwork\peerproject-master\peerproject\release win32\dlgmediavis.obj
e:\zengxianxi\vcppwork\peerproject-master\peerproject\release win32\dlgsavefilteras.obj
e:\zengxianxi\vcppwork\peerproject-master\peerproject\release win32\dlgsharemanager.obj
e:\zengxianxi\vcppwork\peerproject-master\peerproject\release win32\dlgtorrentseed.obj
e:\zengxianxi\vcppwork\peerproject-master\peerproject\release win32\wnddiscovery.obj
e:\zengxianxi\vcppwork\peerproject-master\peerproject\release win32\wndhitmonitor.obj
e:\zengxianxi\vcppwork\peerproject-master\peerproject\release win32\wndirc.obj
e:\zengxianxi\vcppwork\peerproject-master\peerproject\release win32\wndmonitor.obj
e:\zengxianxi\vcppwork\peerproject-master\peerproject\release win32\wndplugin.obj
e:\zengxianxi\vcppwork\peerproject-master\peerproject\release win32\wndscheduler.obj
e:\zengxianxi\vcppwork\peerproject-master\peerproject\release win32\wndsettingspage.obj
e:\zengxianxi\vcppwork\peerproject-master\peerproject\release win32\wizardconnectionpage.obj
e:\zengxianxi\vcppwork\peerproject-master\peerproject\release win32\wizardwelcomepage.obj
e:\zengxianxi\vcppwork\peerproject-master\peerproject\release win32\pagefilecomments.obj
e:\zengxianxi\vcppwork\peerproject-master\peerproject\release win32\pageprofilecertificate.obj
e:\zengxianxi\vcppwork\peerproject-master\peerproject\release win32\pageprofilefiles.obj
e:\zengxianxi\vcppwork\peerproject-master\peerproject\release win32\pagesettingsadvanced.obj
e:\zengxianxi\vcppwork\peerproject-master\peerproject\release win32\pagesettingsgeneral.obj
e:\zengxianxi\vcppwork\peerproject-master\peerproject\release win32\pagesettingsprotocols.obj
e:\zengxianxi\vcppwork\peerproject-master\peerproject\release win32\pagesettingsweb.obj
e:\zengxianxi\vcppwork\peerproject-master\peerproject\release win32\antivirus.obj
e:\zengxianxi\vcppwork\peerproject-master\peerproject\release win32\btclients.obj
e:\zengxianxi\vcppwork\peerproject-master\peerproject\release win32\bttrackerrequest.obj
e:\zengxianxi\vcppwork\peerproject-master\peerproject\release win32\colors.obj
e:\zengxianxi\vcppwork\peerproject-master\peerproject\release win32\commenu.obj
e:\zengxianxi\vcppwork\peerproject-master\peerproject\release win32\coolmenu.obj
e:\zengxianxi\vcppwork\peerproject-master\peerproject\release win32\dcneighbour.obj
e:\zengxianxi\vcppwork\peerproject-master\peerproject\release win32\downloadgroup.obj
e:\zengxianxi\vcppwork\peerproject-master\peerproject\release win32\downloadtransferbt.obj
e:\zengxianxi\vcppwork\peerproject-master\peerproject\release win32\downloadwithextras.obj
e:\zengxianxi\vcppwork\peerproject-master\peerproject\release win32\downloadwithtiger.obj
e:\zengxianxi\vcppwork\peerproject-master\peerproject\release win32\edpacket.obj
e:\zengxianxi\vcppwork\peerproject-master\peerproject\release win32\firewall.obj
e:\zengxianxi\vcppwork\peerproject-master\peerproject\release win32\flags.obj
e:\zengxianxi\vcppwork\peerproject-master\peerproject\release win32\g1neighbour.obj
e:\zengxianxi\vcppwork\peerproject-master\peerproject\release win32\gprofile.obj
e:\zengxianxi\vcppwork\peerproject-master\peerproject\release win32\hostbrowser.obj
e:\zengxianxi\vcppwork\peerproject-master\peerproject\release win32\images.obj
e:\zengxianxi\vcppwork\peerproject-master\peerproject\release win32\librarydictionary.obj
e:\zengxianxi\vcppwork\peerproject-master\peerproject\release win32\livelist.obj
e:\zengxianxi\vcppwork\peerproject-master\peerproject\release win32\matchobjects.obj
e:\zengxianxi\vcppwork\peerproject-master\peerproject\release win32\packetbuffer.obj
e:\zengxianxi\vcppwork\peerproject-master\peerproject\release win32\peerprojectthread.obj
e:\zengxianxi\vcppwork\peerproject-master\peerproject\release win32\plugins.obj
e:\zengxianxi\vcppwork\peerproject-master\peerproject\release win32\querysearch.obj
e:\zengxianxi\vcppwork\peerproject-master\peerproject\release win32\scheduler.obj
e:\zengxianxi\vcppwork\peerproject-master\peerproject\release win32\searchmanager.obj
e:\zengxianxi\vcppwork\peerproject-master\peerproject\release win32\sharedfolder.obj
e:\zengxianxi\vcppwork\peerproject-master\peerproject\release win32\sqlite.obj
e:\zengxianxi\vcppwork\peerproject-master\peerproject\release win32\thumbcache.obj
e:\zengxianxi\vcppwork\peerproject-master\peerproject\release win32\transfers.obj
e:\zengxianxi\vcppwork\peerproject-master\peerproject\release win32\uploadqueues.obj
e:\zengxianxi\vcppwork\peerproject-master\peerproject\release win32\upnpfinder.obj
e:\zengxianxi\vcppwork\peerproject-master\peerproject\release win32\xmlcom.obj
e:\zengxianxi\vcppwork\peerproject-master\peerproject\release win32\zlib.obj
e:\zengxianxi\vcppwork\peerproject-master\peerproject\release win32\ctrlbrowsetree.obj
e:\zengxianxi\vcppwork\peerproject-master\peerproject\release win32\ctrldownloadtip.obj
e:\zengxianxi\vcppwork\peerproject-master\peerproject\release win32\ctrlircframe.obj
e:\zengxianxi\vcppwork\peerproject-master\peerproject\release win32\ctrllibrarytreeview.obj
e:\zengxianxi\vcppwork\peerproject-master\peerproject\release win32\ctrlneighbourtip.obj
e:\zengxianxi\vcppwork\peerproject-master\peerproject\release win32\ctrltext.obj
e:\zengxianxi\vcppwork\peerproject-master\peerproject\release win32\ctrltiplist.obj
e:\zengxianxi\vcppwork\peerproject-master\peerproject\release win32\ctrlwizard.obj
e:\zengxianxi\vcppwork\peerproject-master\peerproject\release win32\dlgdownloadgroup.obj
e:\zengxianxi\vcppwork\peerproject-master\peerproject\release win32\dlgfilecopy.obj
e:\zengxianxi\vcppwork\peerproject-master\peerproject\release win32\dlgfolderproperties.obj
e:\zengxianxi\vcppwork\peerproject-master\peerproject\release win32\dlgircinput.obj
e:\zengxianxi\vcppwork\peerproject-master\peerproject\release win32\dlgmessage.obj
e:\zengxianxi\vcppwork\peerproject-master\peerproject\release win32\dlgpromote.obj
e:\zengxianxi\vcppwork\peerproject-master\peerproject\release win32\dlgsettingsmanager.obj
e:\zengxianxi\vcppwork\peerproject-master\peerproject\release win32\dlgupgrade.obj
e:\zengxianxi\vcppwork\peerproject-master\peerproject\release win32\wndchat.obj
e:\zengxianxi\vcppwork\peerproject-master\peerproject\release win32\wndhostcache.obj
e:\zengxianxi\vcppwork\peerproject-master\peerproject\release win32\wndpanel.obj
e:\zengxianxi\vcppwork\peerproject-master\peerproject\release win32\wndsearch.obj
e:\zengxianxi\vcppwork\peerproject-master\peerproject\release win32\wizardfinishedpage.obj
e:\zengxianxi\vcppwork\peerproject-master\peerproject\release win32\wizardprofilepage.obj
e:\zengxianxi\vcppwork\peerproject-master\peerproject\release win32\pagefilemetadata.obj
e:\zengxianxi\vcppwork\peerproject-master\peerproject\release win32\pageprofilebio.obj
e:\zengxianxi\vcppwork\peerproject-master\peerproject\release win32\pageprofilefavorites.obj
e:\zengxianxi\vcppwork\peerproject-master\peerproject\release win32\pagesettingscommunity.obj
e:\zengxianxi\vcppwork\peerproject-master\peerproject\release win32\pagesettingsdonkey.obj
e:\zengxianxi\vcppwork\peerproject-master\peerproject\release win32\pagesettingsirc.obj
e:\zengxianxi\vcppwork\peerproject-master\peerproject\release win32\pagesettingsplugins.obj
e:\zengxianxi\vcppwork\peerproject-master\peerproject\release win32\pagetorrentfiles.obj
e:\zengxianxi\vcppwork\peerproject-master\peerproject\release win32\application.obj
e:\zengxianxi\vcppwork\peerproject-master\peerproject\release win32\buffer.obj
e:\zengxianxi\vcppwork\peerproject-master\peerproject\release win32\chatcore.obj
e:\zengxianxi\vcppwork\peerproject-master\peerproject\release win32\chatwindows.obj
e:\zengxianxi\vcppwork\peerproject-master\peerproject\release win32\comtoolbar.obj
e:\zengxianxi\vcppwork\peerproject-master\peerproject\release win32\crawlsession.obj
e:\zengxianxi\vcppwork\peerproject-master\peerproject\release win32\dcclient.obj
e:\zengxianxi\vcppwork\peerproject-master\peerproject\release win32\downloadgroups.obj
e:\zengxianxi\vcppwork\peerproject-master\peerproject\release win32\downloadtransferdc.obj
e:\zengxianxi\vcppwork\peerproject-master\peerproject\release win32\downloadwithfile.obj
e:\zengxianxi\vcppwork\peerproject-master\peerproject\release win32\downloadwithtransfers.obj
e:\zengxianxi\vcppwork\peerproject-master\peerproject\release win32\edclients.obj
e:\zengxianxi\vcppwork\peerproject-master\peerproject\release win32\fileexecutor.obj
e:\zengxianxi\vcppwork\peerproject-master\peerproject\release win32\g2packet.obj
e:\zengxianxi\vcppwork\peerproject-master\peerproject\release win32\hashdatabase.obj
e:\zengxianxi\vcppwork\peerproject-master\peerproject\release win32\httprequest.obj
e:\zengxianxi\vcppwork\peerproject-master\peerproject\release win32\kademlia.obj
e:\zengxianxi\vcppwork\peerproject-master\peerproject\release win32\librarybuilderinternals.obj
e:\zengxianxi\vcppwork\peerproject-master\peerproject\release win32\neighbours.obj
e:\zengxianxi\vcppwork\peerproject-master\peerproject\release win32\neighbourswithg1.obj
e:\zengxianxi\vcppwork\peerproject-master\peerproject\release win32\packet.obj
e:\zengxianxi\vcppwork\peerproject-master\peerproject\release win32\peerprojecturl.obj
e:\zengxianxi\vcppwork\peerproject-master\peerproject\release win32\resultfilters.obj
e:\zengxianxi\vcppwork\peerproject-master\peerproject\release win32\richelement.obj
e:\zengxianxi\vcppwork\peerproject-master\peerproject\release win32\richviewctrl.obj
e:\zengxianxi\vcppwork\peerproject-master\peerproject\release win32\schemamember.obj
e:\zengxianxi\vcppwork\peerproject-master\peerproject\release win32\shakeneighbour.obj
e:\zengxianxi\vcppwork\peerproject-master\peerproject\release win32\skinwindow.obj
e:\zengxianxi\vcppwork\peerproject-master\peerproject\release win32\uploadqueue.obj
e:\zengxianxi\vcppwork\peerproject-master\peerproject\release win32\uploadtransferdc.obj
e:\zengxianxi\vcppwork\peerproject-master\peerproject\release win32\windowmanager.obj
e:\zengxianxi\vcppwork\peerproject-master\peerproject\release win32\ctrlbrowseheader.obj
e:\zengxianxi\vcppwork\peerproject-master\peerproject\release win32\ctrlcooltip.obj
e:\zengxianxi\vcppwork\peerproject-master\peerproject\release win32\ctrldraglist.obj
e:\zengxianxi\vcppwork\peerproject-master\peerproject\release win32\ctrlfontcombo.obj
e:\zengxianxi\vcppwork\peerproject-master\peerproject\release win32\ctrlhomesearch.obj
e:\zengxianxi\vcppwork\peerproject-master\peerproject\release win32\ctrllibrarydetailview.obj
e:\zengxianxi\vcppwork\peerproject-master\peerproject\release win32\ctrllibraryheaderbar.obj
e:\zengxianxi\vcppwork\peerproject-master\peerproject\release win32\ctrllibrarytip.obj
e:\zengxianxi\vcppwork\peerproject-master\peerproject\release win32\ctrlmatch.obj
e:\zengxianxi\vcppwork\peerproject-master\peerproject\release win32\ctrlschemacombo.obj
e:\zengxianxi\vcppwork\peerproject-master\peerproject\release win32\ctrltipalbum.obj
e:\zengxianxi\vcppwork\peerproject-master\peerproject\release win32\ctrluploadtip.obj
e:\zengxianxi\vcppwork\peerproject-master\peerproject\release win32\dlgdeletefile.obj
e:\zengxianxi\vcppwork\peerproject-master\peerproject\release win32\dlgdownloadsheet.obj
e:\zengxianxi\vcppwork\peerproject-master\peerproject\release win32\dlgfilepropertiespage.obj
e:\zengxianxi\vcppwork\peerproject-master\peerproject\release win32\dlgfolderscan.obj
e:\zengxianxi\vcppwork\peerproject-master\peerproject\release win32\dlglanguage.obj
e:\zengxianxi\vcppwork\peerproject-master\peerproject\release win32\dlgqueueproperties.obj
e:\zengxianxi\vcppwork\peerproject-master\peerproject\release win32\dlgsplash.obj
e:\zengxianxi\vcppwork\peerproject-master\peerproject\release win32\dlgurlaction.obj
e:\zengxianxi\vcppwork\peerproject-master\peerproject\release win32\wnddownloads.obj
e:\zengxianxi\vcppwork\peerproject-master\peerproject\release win32\wndneighbours.obj
e:\zengxianxi\vcppwork\peerproject-master\peerproject\release win32\wndsearchmonitor.obj
e:\zengxianxi\vcppwork\peerproject-master\peerproject\release win32\wnduploads.obj
e:\zengxianxi\vcppwork\peerproject-master\peerproject\release win32\pagefilesharing.obj
e:\zengxianxi\vcppwork\peerproject-master\peerproject\release win32\pageprofileavatar.obj
e:\zengxianxi\vcppwork\peerproject-master\peerproject\release win32\pageprofileprofile.obj
e:\zengxianxi\vcppwork\peerproject-master\peerproject\release win32\pagesettingsconnection.obj
e:\zengxianxi\vcppwork\peerproject-master\peerproject\release win32\pagesettingslibrary.obj
e:\zengxianxi\vcppwork\peerproject-master\peerproject\release win32\pagesettingsuploads.obj
e:\zengxianxi\vcppwork\peerproject-master\peerproject\release win32\autocompleteedit.obj
e:\zengxianxi\vcppwork\peerproject-master\peerproject\release win32\btinfo.obj
e:\zengxianxi\vcppwork\peerproject-master\peerproject\release win32\connection.obj
e:\zengxianxi\vcppwork\peerproject-master\peerproject\release win32\ddeserver.obj
e:\zengxianxi\vcppwork\peerproject-master\peerproject\release win32\discoveryservices.obj
e:\zengxianxi\vcppwork\peerproject-master\peerproject\release win32\downloadtransfer.obj
e:\zengxianxi\vcppwork\peerproject-master\peerproject\release win32\downloadtransferhttp.obj
e:\zengxianxi\vcppwork\peerproject-master\peerproject\release win32\edneighbour.obj
e:\zengxianxi\vcppwork\peerproject-master\peerproject\release win32\g1packet.obj
e:\zengxianxi\vcppwork\peerproject-master\peerproject\release win32\graphbase.obj
e:\zengxianxi\vcppwork\peerproject-master\peerproject\release win32\graphline.obj
e:\zengxianxi\vcppwork\peerproject-master\peerproject\release win32\ieprotocol.obj
e:\zengxianxi\vcppwork\peerproject-master\peerproject\release win32\librarybuilderplugins.obj
e:\zengxianxi\vcppwork\peerproject-master\peerproject\release win32\librarylist.obj
e:\zengxianxi\vcppwork\peerproject-master\peerproject\release win32\livelistsizer.obj
e:\zengxianxi\vcppwork\peerproject-master\peerproject\release win32\managedsearch.obj
e:\zengxianxi\vcppwork\peerproject-master\peerproject\release win32\miniupnp.obj
e:\zengxianxi\vcppwork\peerproject-master\peerproject\release win32\neighboursbase.obj
e:\zengxianxi\vcppwork\peerproject-master\peerproject\release win32\neighbourswithrouting.obj
e:\zengxianxi\vcppwork\peerproject-master\peerproject\release win32\peerprojectfile.obj
e:\zengxianxi\vcppwork\peerproject-master\peerproject\release win32\queryhashmaster.obj
e:\zengxianxi\vcppwork\peerproject-master\peerproject\release win32\registry.obj
e:\zengxianxi\vcppwork\peerproject-master\peerproject\release win32\remote.obj
e:\zengxianxi\vcppwork\peerproject-master\peerproject\release win32\settings.obj
e:\zengxianxi\vcppwork\peerproject-master\peerproject\release win32\statistics.obj
e:\zengxianxi\vcppwork\peerproject-master\peerproject\release win32\transferfile.obj
e:\zengxianxi\vcppwork\peerproject-master\peerproject\release win32\uploadtransferbt.obj
e:\zengxianxi\vcppwork\peerproject-master\peerproject\release win32\vendorcache.obj
e:\zengxianxi\vcppwork\peerproject-master\peerproject\release win32\webservices.obj
e:\zengxianxi\vcppwork\peerproject-master\peerproject\release win32\ctrlhomeview.obj
e:\zengxianxi\vcppwork\peerproject-master\peerproject\release win32\ctrllibrarycollectionview.obj
e:\zengxianxi\vcppwork\peerproject-master\peerproject\release win32\ctrllibraryhistorypanel.obj
e:\zengxianxi\vcppwork\peerproject-master\peerproject\release win32\ctrllibraryview.obj
e:\zengxianxi\vcppwork\peerproject-master\peerproject\release win32\ctrlmonitorbar.obj
e:\zengxianxi\vcppwork\peerproject-master\peerproject\release win32\ctrlpanel.obj
e:\zengxianxi\vcppwork\peerproject-master\peerproject\release win32\ctrlschema.obj
e:\zengxianxi\vcppwork\peerproject-master\peerproject\release win32\ctrltaskpanel.obj
e:\zengxianxi\vcppwork\peerproject-master\peerproject\release win32\ctrlweb.obj
e:\zengxianxi\vcppwork\peerproject-master\peerproject\release win32\dlgbitprintsdownload.obj
e:\zengxianxi\vcppwork\peerproject-master\peerproject\release win32\dlgcollectionexport.obj
e:\zengxianxi\vcppwork\peerproject-master\peerproject\release win32\dlgexistingfile.obj
e:\zengxianxi\vcppwork\peerproject-master\peerproject\release win32\dlggraphlist.obj
e:\zengxianxi\vcppwork\peerproject-master\peerproject\release win32\dlgpluginextsetup.obj
e:\zengxianxi\vcppwork\peerproject-master\peerproject\release win32\dlgprogressbar.obj
e:\zengxianxi\vcppwork\peerproject-master\peerproject\release win32\dlgscheduletask.obj
e:\zengxianxi\vcppwork\peerproject-master\peerproject\release win32\dlgupdateservers.obj
e:\zengxianxi\vcppwork\peerproject-master\peerproject\release win32\dlgwarnings.obj
e:\zengxianxi\vcppwork\peerproject-master\peerproject\release win32\wndbasematch.obj
e:\zengxianxi\vcppwork\peerproject-master\peerproject\release win32\wndmedia.obj
e:\zengxianxi\vcppwork\peerproject-master\peerproject\release win32\wndprivatechat.obj
e:\zengxianxi\vcppwork\peerproject-master\peerproject\release win32\wndsettingssheet.obj
e:\zengxianxi\vcppwork\peerproject-master\peerproject\release win32\wizardfolderspage.obj
e:\zengxianxi\vcppwork\peerproject-master\peerproject\release win32\wizardsharepage.obj
e:\zengxianxi\vcppwork\peerproject-master\peerproject\release win32\pagedownloadedit.obj
e:\zengxianxi\vcppwork\peerproject-master\peerproject\release win32\pageprofileidentity.obj
e:\zengxianxi\vcppwork\peerproject-master\peerproject\release win32\pagesettingsdc.obj
e:\zengxianxi\vcppwork\peerproject-master\peerproject\release win32\pagesettingsmedia.obj
e:\zengxianxi\vcppwork\peerproject-master\peerproject\release win32\pagesettingsrich.obj
e:\zengxianxi\vcppwork\peerproject-master\peerproject\release win32\pagetorrentgeneral.obj
e:\zengxianxi\vcppwork\peerproject-master\peerproject\release win32\peerproject.obj
e:\zengxianxi\vcppwork\peerproject-master\peerproject\release win32\peerproject_i.obj
e:\zengxianxi\vcppwork\peerproject-master\peerproject\release win32\adler32.obj
e:\zengxianxi\vcppwork\peerproject-master\peerproject\release win32\trees.obj
e:\zengxianxi\vcppwork\peerproject-master\peerproject\release win32\inffast.obj
e:\zengxianxi\vcppwork\peerproject-master\peerproject\release win32\inftrees.obj
e:\zengxianxi\vcppwork\peerproject-master\peerproject\release win32\crc32.obj
e:\zengxianxi\vcppwork\peerproject-master\peerproject\release win32\zutil.obj
e:\zengxianxi\vcppwork\peerproject-master\peerproject\release win32\compress.obj
e:\zengxianxi\vcppwork\peerproject-master\peerproject\release win32\inflate.obj
e:\zengxianxi\vcppwork\peerproject-master\peerproject\release win32\infback.obj
e:\zengxianxi\vcppwork\peerproject-master\peerproject\release win32\uncompr.obj
e:\zengxianxi\vcppwork\peerproject-master\peerproject\release win32\deflate.obj
e:\zengxianxi\vcppwork\peerproject-master\peerproject\release win32\hashstringconversion.obj
e:\zengxianxi\vcppwork\peerproject-master\peerproject\release win32\hashdescriptors.obj
e:\zengxianxi\vcppwork\peerproject-master\peerproject\res\about.htm.gz
e:\zengxianxi\vcppwork\peerproject-master\peerproject\res\browser.htm.gz
e:\zengxianxi\vcppwork\peerproject-master\peerproject\release win32\peerproject.exe
e:\zengxianxi\vcppwork\peerproject-master\peerproject\release win32\peerproject.tlb
e:\zengxianxi\vcppwork\peerproject-master\peerproject\peerproject_i.c
e:\zengxianxi\vcppwork\peerproject-master\peerproject\peerprojectom.h
e:\zengxianxi\vcppwork\peerproject-master\peerproject\release win32\peerproject.res
e:\zengxianxi\vcppwork\peerproject-master\peerproject\release win32\peerproject.tlog\cl.command.1.tlog
e:\zengxianxi\vcppwork\peerproject-master\peerproject\release win32\peerproject.tlog\cl.read.1.tlog
e:\zengxianxi\vcppwork\peerproject-master\peerproject\release win32\peerproject.tlog\cl.write.1.tlog
e:\zengxianxi\vcppwork\peerproject-master\peerproject\release win32\peerproject.tlog\custombuild.command.1.tlog
e:\zengxianxi\vcppwork\peerproject-master\peerproject\release win32\peerproject.tlog\custombuild.read.1.tlog
e:\zengxianxi\vcppwork\peerproject-master\peerproject\release win32\peerproject.tlog\custombuild.write.1.tlog
e:\zengxianxi\vcppwork\peerproject-master\peerproject\release win32\peerproject.tlog\link.command.1.tlog
e:\zengxianxi\vcppwork\peerproject-master\peerproject\release win32\peerproject.tlog\link.read.1.tlog
e:\zengxianxi\vcppwork\peerproject-master\peerproject\release win32\peerproject.tlog\link.write.1.tlog
e:\zengxianxi\vcppwork\peerproject-master\peerproject\release win32\peerproject.tlog\midl.command.1.tlog
e:\zengxianxi\vcppwork\peerproject-master\peerproject\release win32\peerproject.tlog\midl.read.1.tlog
e:\zengxianxi\vcppwork\peerproject-master\peerproject\release win32\peerproject.tlog\midl.write.1.tlog
e:\zengxianxi\vcppwork\peerproject-master\peerproject\release win32\peerproject.tlog\rc.command.1.tlog
e:\zengxianxi\vcppwork\peerproject-master\peerproject\release win32\peerproject.tlog\rc.read.1.tlog
e:\zengxianxi\vcppwork\peerproject-master\peerproject\release win32\peerproject.tlog\rc.write.1.tlog
