e:\zengxianxi\vcppwork\peerproject-master\plugins\mediaimageservices\release win32\mediaimageservices.pch
e:\zengxianxi\vcppwork\peerproject-master\plugins\mediaimageservices\release win32\vc142.pdb
e:\zengxianxi\vcppwork\peerproject-master\plugins\mediaimageservices\release win32\stdafx.obj
e:\zengxianxi\vcppwork\peerproject-master\plugins\mediaimageservices\release win32\videoreader.obj
e:\zengxianxi\vcppwork\peerproject-master\plugins\mediaimageservices\release win32\mediaimageservices.obj
e:\zengxianxi\vcppwork\peerproject-master\plugins\mediaimageservices\release win32\mediaimageservices_i.obj
e:\zengxianxi\vcppwork\peerproject-master\plugins\mediaimageservices\release win32\mediaimageservices.dll
e:\zengxianxi\vcppwork\peerproject-master\plugins\mediaimageservices\release win32\mediaimageservices.lib
e:\zengxianxi\vcppwork\peerproject-master\plugins\mediaimageservices\release win32\mediaimageservices.exp
e:\zengxianxi\vcppwork\peerproject-master\plugins\mediaimageservices\release win32\mediaimageservices.tlb
e:\zengxianxi\vcppwork\peerproject-master\plugins\mediaimageservices\mediaimageservices_i.c
e:\zengxianxi\vcppwork\peerproject-master\plugins\mediaimageservices\mediaimageservices.h
e:\zengxianxi\vcppwork\peerproject-master\plugins\mediaimageservices\release win32\peerproject.tlb
e:\zengxianxi\vcppwork\peerproject-master\plugins\mediaimageservices\peerproject_i.c
e:\zengxianxi\vcppwork\peerproject-master\plugins\mediaimageservices\peerproject.h
e:\zengxianxi\vcppwork\peerproject-master\plugins\mediaimageservices\release win32\mediaimageservices.res
e:\zengxianxi\vcppwork\peerproject-master\plugins\mediaimageservices\release win32\mediaima.4351215d.tlog\cl.command.1.tlog
e:\zengxianxi\vcppwork\peerproject-master\plugins\mediaimageservices\release win32\mediaima.4351215d.tlog\cl.read.1.tlog
e:\zengxianxi\vcppwork\peerproject-master\plugins\mediaimageservices\release win32\mediaima.4351215d.tlog\cl.write.1.tlog
e:\zengxianxi\vcppwork\peerproject-master\plugins\mediaimageservices\release win32\mediaima.4351215d.tlog\link.command.1.tlog
e:\zengxianxi\vcppwork\peerproject-master\plugins\mediaimageservices\release win32\mediaima.4351215d.tlog\link.read.1.tlog
e:\zengxianxi\vcppwork\peerproject-master\plugins\mediaimageservices\release win32\mediaima.4351215d.tlog\link.write.1.tlog
e:\zengxianxi\vcppwork\peerproject-master\plugins\mediaimageservices\release win32\mediaima.4351215d.tlog\mediaimageservices.write.1u.tlog
e:\zengxianxi\vcppwork\peerproject-master\plugins\mediaimageservices\release win32\mediaima.4351215d.tlog\midl.command.1.tlog
e:\zengxianxi\vcppwork\peerproject-master\plugins\mediaimageservices\release win32\mediaima.4351215d.tlog\midl.read.1.tlog
e:\zengxianxi\vcppwork\peerproject-master\plugins\mediaimageservices\release win32\mediaima.4351215d.tlog\midl.write.1.tlog
e:\zengxianxi\vcppwork\peerproject-master\plugins\mediaimageservices\release win32\mediaima.4351215d.tlog\rc.command.1.tlog
e:\zengxianxi\vcppwork\peerproject-master\plugins\mediaimageservices\release win32\mediaima.4351215d.tlog\rc.read.1.tlog
e:\zengxianxi\vcppwork\peerproject-master\plugins\mediaimageservices\release win32\mediaima.4351215d.tlog\rc.write.1.tlog
