e:\zengxianxi\vcppwork\peerproject-master\plugins\webhook\release x64\webhook64.pch
e:\zengxianxi\vcppwork\peerproject-master\plugins\webhook\release x64\vc142.pdb
e:\zengxianxi\vcppwork\peerproject-master\plugins\webhook\release x64\stdafx.obj
e:\zengxianxi\vcppwork\peerproject-master\plugins\webhook\release x64\webhook.obj
e:\zengxianxi\vcppwork\peerproject-master\plugins\webhook\release x64\object.obj
e:\zengxianxi\vcppwork\peerproject-master\plugins\webhook\release x64\webhook64.dll
e:\zengxianxi\vcppwork\peerproject-master\plugins\webhook\release x64\webhook64.pdb
e:\zengxianxi\vcppwork\peerproject-master\plugins\webhook\release x64\webhook.tlb
e:\zengxianxi\vcppwork\peerproject-master\plugins\webhook\release x64\webhook_i.c
e:\zengxianxi\vcppwork\peerproject-master\plugins\webhook\release x64\webhook_i.h
e:\zengxianxi\vcppwork\peerproject-master\plugins\webhook\release x64\webhook.res
e:\zengxianxi\vcppwork\peerproject-master\plugins\webhook\release x64\webhook64.lib
e:\zengxianxi\vcppwork\peerproject-master\plugins\webhook\release x64\webhook64.exp
e:\zengxianxi\vcppwork\peerproject-master\plugins\webhook\release x64\webhook64.tlog\cl.command.1.tlog
e:\zengxianxi\vcppwork\peerproject-master\plugins\webhook\release x64\webhook64.tlog\cl.read.1.tlog
e:\zengxianxi\vcppwork\peerproject-master\plugins\webhook\release x64\webhook64.tlog\cl.write.1.tlog
e:\zengxianxi\vcppwork\peerproject-master\plugins\webhook\release x64\webhook64.tlog\link.command.1.tlog
e:\zengxianxi\vcppwork\peerproject-master\plugins\webhook\release x64\webhook64.tlog\link.read.1.tlog
e:\zengxianxi\vcppwork\peerproject-master\plugins\webhook\release x64\webhook64.tlog\link.write.1.tlog
e:\zengxianxi\vcppwork\peerproject-master\plugins\webhook\release x64\webhook64.tlog\midl.command.1.tlog
e:\zengxianxi\vcppwork\peerproject-master\plugins\webhook\release x64\webhook64.tlog\midl.read.1.tlog
e:\zengxianxi\vcppwork\peerproject-master\plugins\webhook\release x64\webhook64.tlog\midl.write.1.tlog
e:\zengxianxi\vcppwork\peerproject-master\plugins\webhook\release x64\webhook64.tlog\rc.command.1.tlog
e:\zengxianxi\vcppwork\peerproject-master\plugins\webhook\release x64\webhook64.tlog\rc.read.1.tlog
e:\zengxianxi\vcppwork\peerproject-master\plugins\webhook\release x64\webhook64.tlog\rc.write.1.tlog
e:\zengxianxi\vcppwork\peerproject-master\plugins\webhook\release x64\webhook64.tlog\webhook64.write.1u.tlog
