e:\zengxianxi\vcppwork\peerproject-master\plugins\gfllibrarybuilder\release win32\gfllibrarybuilder.pch
e:\zengxianxi\vcppwork\peerproject-master\plugins\gfllibrarybuilder\release win32\vc142.pdb
e:\zengxianxi\vcppwork\peerproject-master\plugins\gfllibrarybuilder\release win32\stdafx.obj
e:\zengxianxi\vcppwork\peerproject-master\plugins\gfllibrarybuilder\release win32\builder.obj
e:\zengxianxi\vcppwork\peerproject-master\plugins\gfllibrarybuilder\release win32\gfllibrarybuilder.obj
e:\zengxianxi\vcppwork\peerproject-master\plugins\gfllibrarybuilder\release win32\gfllibrarybuilder_i.obj
e:\zengxianxi\vcppwork\peerproject-master\plugins\gfllibrarybuilder\release win32\gfllibrarybuilder.lib
e:\zengxianxi\vcppwork\peerproject-master\plugins\gfllibrarybuilder\release win32\gfllibrarybuilder.exp
e:\zengxianxi\vcppwork\peerproject-master\plugins\gfllibrarybuilder\release win32\gfllibrarybuilder.dll
e:\zengxianxi\vcppwork\peerproject-master\plugins\gfllibrarybuilder\release win32\gfllibrarybuilder.tlb
e:\zengxianxi\vcppwork\peerproject-master\plugins\gfllibrarybuilder\gfllibrarybuilder_i.c
e:\zengxianxi\vcppwork\peerproject-master\plugins\gfllibrarybuilder\gfllibrarybuilder.h
e:\zengxianxi\vcppwork\peerproject-master\plugins\gfllibrarybuilder\release win32\peerproject.tlb
e:\zengxianxi\vcppwork\peerproject-master\plugins\gfllibrarybuilder\peerproject_i.c
e:\zengxianxi\vcppwork\peerproject-master\plugins\gfllibrarybuilder\peerproject.h
e:\zengxianxi\vcppwork\peerproject-master\plugins\gfllibrarybuilder\release win32\gfllibrarybuilder.res
e:\zengxianxi\vcppwork\peerproject-master\plugins\gfllibrarybuilder\release win32\gfllibra.76cc356f.tlog\cl.command.1.tlog
e:\zengxianxi\vcppwork\peerproject-master\plugins\gfllibrarybuilder\release win32\gfllibra.76cc356f.tlog\cl.read.1.tlog
e:\zengxianxi\vcppwork\peerproject-master\plugins\gfllibrarybuilder\release win32\gfllibra.76cc356f.tlog\cl.write.1.tlog
e:\zengxianxi\vcppwork\peerproject-master\plugins\gfllibrarybuilder\release win32\gfllibra.76cc356f.tlog\gfllibrarybuilder.write.1u.tlog
e:\zengxianxi\vcppwork\peerproject-master\plugins\gfllibrarybuilder\release win32\gfllibra.76cc356f.tlog\link.command.1.tlog
e:\zengxianxi\vcppwork\peerproject-master\plugins\gfllibrarybuilder\release win32\gfllibra.76cc356f.tlog\link.read.1.tlog
e:\zengxianxi\vcppwork\peerproject-master\plugins\gfllibrarybuilder\release win32\gfllibra.76cc356f.tlog\link.write.1.tlog
e:\zengxianxi\vcppwork\peerproject-master\plugins\gfllibrarybuilder\release win32\gfllibra.76cc356f.tlog\midl.command.1.tlog
e:\zengxianxi\vcppwork\peerproject-master\plugins\gfllibrarybuilder\release win32\gfllibra.76cc356f.tlog\midl.read.1.tlog
e:\zengxianxi\vcppwork\peerproject-master\plugins\gfllibrarybuilder\release win32\gfllibra.76cc356f.tlog\midl.write.1.tlog
e:\zengxianxi\vcppwork\peerproject-master\plugins\gfllibrarybuilder\release win32\gfllibra.76cc356f.tlog\rc.command.1.tlog
e:\zengxianxi\vcppwork\peerproject-master\plugins\gfllibrarybuilder\release win32\gfllibra.76cc356f.tlog\rc.read.1.tlog
e:\zengxianxi\vcppwork\peerproject-master\plugins\gfllibrarybuilder\release win32\gfllibra.76cc356f.tlog\rc.write.1.tlog
