e:\zengxianxi\vcppwork\peerproject-master\plugins\medialibrarybuilder\release win32\medialibrarybuilder.pch
e:\zengxianxi\vcppwork\peerproject-master\plugins\medialibrarybuilder\release win32\vc142.pdb
e:\zengxianxi\vcppwork\peerproject-master\plugins\medialibrarybuilder\release win32\stdafx.obj
e:\zengxianxi\vcppwork\peerproject-master\plugins\medialibrarybuilder\release win32\medialibrarybuilder.obj
e:\zengxianxi\vcppwork\peerproject-master\plugins\medialibrarybuilder\release win32\builder.obj
e:\zengxianxi\vcppwork\peerproject-master\plugins\medialibrarybuilder\release win32\medialibrarybuilder_i.obj
e:\zengxianxi\vcppwork\peerproject-master\plugins\medialibrarybuilder\release win32\medialibrarybuilder.dll
e:\zengxianxi\vcppwork\peerproject-master\plugins\medialibrarybuilder\release win32\medialibrarybuilder.lib
e:\zengxianxi\vcppwork\peerproject-master\plugins\medialibrarybuilder\release win32\medialibrarybuilder.exp
e:\zengxianxi\vcppwork\peerproject-master\plugins\medialibrarybuilder\release win32\medialibrarybuilder.tlb
e:\zengxianxi\vcppwork\peerproject-master\plugins\medialibrarybuilder\medialibrarybuilder_i.c
e:\zengxianxi\vcppwork\peerproject-master\plugins\medialibrarybuilder\medialibrarybuilder.h
e:\zengxianxi\vcppwork\peerproject-master\plugins\medialibrarybuilder\release win32\peerproject.tlb
e:\zengxianxi\vcppwork\peerproject-master\plugins\medialibrarybuilder\peerproject_i.c
e:\zengxianxi\vcppwork\peerproject-master\plugins\medialibrarybuilder\peerproject.h
e:\zengxianxi\vcppwork\peerproject-master\plugins\medialibrarybuilder\release win32\medialibrarybuilder.res
e:\zengxianxi\vcppwork\peerproject-master\plugins\medialibrarybuilder\release win32\medialib.6591e1b2.tlog\cl.command.1.tlog
e:\zengxianxi\vcppwork\peerproject-master\plugins\medialibrarybuilder\release win32\medialib.6591e1b2.tlog\cl.read.1.tlog
e:\zengxianxi\vcppwork\peerproject-master\plugins\medialibrarybuilder\release win32\medialib.6591e1b2.tlog\cl.write.1.tlog
e:\zengxianxi\vcppwork\peerproject-master\plugins\medialibrarybuilder\release win32\medialib.6591e1b2.tlog\link.command.1.tlog
e:\zengxianxi\vcppwork\peerproject-master\plugins\medialibrarybuilder\release win32\medialib.6591e1b2.tlog\link.read.1.tlog
e:\zengxianxi\vcppwork\peerproject-master\plugins\medialibrarybuilder\release win32\medialib.6591e1b2.tlog\link.write.1.tlog
e:\zengxianxi\vcppwork\peerproject-master\plugins\medialibrarybuilder\release win32\medialib.6591e1b2.tlog\medialibrarybuilder.write.1u.tlog
e:\zengxianxi\vcppwork\peerproject-master\plugins\medialibrarybuilder\release win32\medialib.6591e1b2.tlog\midl.command.1.tlog
e:\zengxianxi\vcppwork\peerproject-master\plugins\medialibrarybuilder\release win32\medialib.6591e1b2.tlog\midl.read.1.tlog
e:\zengxianxi\vcppwork\peerproject-master\plugins\medialibrarybuilder\release win32\medialib.6591e1b2.tlog\midl.write.1.tlog
e:\zengxianxi\vcppwork\peerproject-master\plugins\medialibrarybuilder\release win32\medialib.6591e1b2.tlog\rc.command.1.tlog
e:\zengxianxi\vcppwork\peerproject-master\plugins\medialibrarybuilder\release win32\medialib.6591e1b2.tlog\rc.read.1.tlog
e:\zengxianxi\vcppwork\peerproject-master\plugins\medialibrarybuilder\release win32\medialib.6591e1b2.tlog\rc.write.1.tlog
