e:\zengxianxi\vcppwork\peerproject-master\plugins\mediaplayer\release win32\mediaplayer.pch
e:\zengxianxi\vcppwork\peerproject-master\plugins\mediaplayer\release win32\vc142.pdb
e:\zengxianxi\vcppwork\peerproject-master\plugins\mediaplayer\release win32\stdafx.obj
e:\zengxianxi\vcppwork\peerproject-master\plugins\mediaplayer\release win32\player.obj
e:\zengxianxi\vcppwork\peerproject-master\plugins\mediaplayer\release win32\mediaplayer.obj
e:\zengxianxi\vcppwork\peerproject-master\plugins\mediaplayer\release win32\mediaplayer.dll
e:\zengxianxi\vcppwork\peerproject-master\plugins\mediaplayer\release win32\mediaplayer.pdb
e:\zengxianxi\vcppwork\peerproject-master\plugins\mediaplayer\release win32\mediaplayer.lib
e:\zengxianxi\vcppwork\peerproject-master\plugins\mediaplayer\release win32\mediaplayer.exp
e:\zengxianxi\vcppwork\peerproject-master\plugins\mediaplayer\release win32\mediaplayer.tlb
e:\zengxianxi\vcppwork\peerproject-master\plugins\mediaplayer\mediaplayer_i.c
e:\zengxianxi\vcppwork\peerproject-master\plugins\mediaplayer\mediaplayer_h.h
e:\zengxianxi\vcppwork\peerproject-master\plugins\mediaplayer\release win32\mediaplayer.res
e:\zengxianxi\vcppwork\peerproject-master\plugins\mediaplayer\release win32\mediaplayer.tlog\cl.command.1.tlog
e:\zengxianxi\vcppwork\peerproject-master\plugins\mediaplayer\release win32\mediaplayer.tlog\cl.read.1.tlog
e:\zengxianxi\vcppwork\peerproject-master\plugins\mediaplayer\release win32\mediaplayer.tlog\cl.write.1.tlog
e:\zengxianxi\vcppwork\peerproject-master\plugins\mediaplayer\release win32\mediaplayer.tlog\link.command.1.tlog
e:\zengxianxi\vcppwork\peerproject-master\plugins\mediaplayer\release win32\mediaplayer.tlog\link.read.1.tlog
e:\zengxianxi\vcppwork\peerproject-master\plugins\mediaplayer\release win32\mediaplayer.tlog\link.write.1.tlog
e:\zengxianxi\vcppwork\peerproject-master\plugins\mediaplayer\release win32\mediaplayer.tlog\mediaplayer.write.1u.tlog
e:\zengxianxi\vcppwork\peerproject-master\plugins\mediaplayer\release win32\mediaplayer.tlog\midl.command.1.tlog
e:\zengxianxi\vcppwork\peerproject-master\plugins\mediaplayer\release win32\mediaplayer.tlog\midl.read.1.tlog
e:\zengxianxi\vcppwork\peerproject-master\plugins\mediaplayer\release win32\mediaplayer.tlog\midl.write.1.tlog
e:\zengxianxi\vcppwork\peerproject-master\plugins\mediaplayer\release win32\mediaplayer.tlog\rc.command.1.tlog
e:\zengxianxi\vcppwork\peerproject-master\plugins\mediaplayer\release win32\mediaplayer.tlog\rc.read.1.tlog
e:\zengxianxi\vcppwork\peerproject-master\plugins\mediaplayer\release win32\mediaplayer.tlog\rc.write.1.tlog
