e:\zengxianxi\vcppwork\peerproject-master\plugins\virustotal\release win32\virustotal.pch
e:\zengxianxi\vcppwork\peerproject-master\plugins\virustotal\release win32\vc142.pdb
e:\zengxianxi\vcppwork\peerproject-master\plugins\virustotal\release win32\stdafx.obj
e:\zengxianxi\vcppwork\peerproject-master\plugins\virustotal\release win32\virustotal.obj
e:\zengxianxi\vcppwork\peerproject-master\plugins\virustotal\release win32\plugin.obj
e:\zengxianxi\vcppwork\peerproject-master\plugins\virustotal\release win32\virustotal_i.obj
e:\zengxianxi\vcppwork\peerproject-master\plugins\virustotal\release win32\virustotal.dll
e:\zengxianxi\vcppwork\peerproject-master\plugins\virustotal\release win32\virustotal.pdb
e:\zengxianxi\vcppwork\peerproject-master\plugins\virustotal\release win32\peerproject.tlb
e:\zengxianxi\vcppwork\peerproject-master\plugins\virustotal\peerproject_i.c
e:\zengxianxi\vcppwork\peerproject-master\plugins\virustotal\peerproject.h
e:\zengxianxi\vcppwork\peerproject-master\plugins\virustotal\release win32\virustotal.tlb
e:\zengxianxi\vcppwork\peerproject-master\plugins\virustotal\virustotal_i.c
e:\zengxianxi\vcppwork\peerproject-master\plugins\virustotal\virustotal.h
e:\zengxianxi\vcppwork\peerproject-master\plugins\virustotal\release win32\virustotal.res
e:\zengxianxi\vcppwork\peerproject-master\plugins\virustotal\release win32\virustotal.lib
e:\zengxianxi\vcppwork\peerproject-master\plugins\virustotal\release win32\virustotal.exp
e:\zengxianxi\vcppwork\peerproject-master\plugins\virustotal\release win32\virustotal.tlog\cl.command.1.tlog
e:\zengxianxi\vcppwork\peerproject-master\plugins\virustotal\release win32\virustotal.tlog\cl.read.1.tlog
e:\zengxianxi\vcppwork\peerproject-master\plugins\virustotal\release win32\virustotal.tlog\cl.write.1.tlog
e:\zengxianxi\vcppwork\peerproject-master\plugins\virustotal\release win32\virustotal.tlog\link.command.1.tlog
e:\zengxianxi\vcppwork\peerproject-master\plugins\virustotal\release win32\virustotal.tlog\link.read.1.tlog
e:\zengxianxi\vcppwork\peerproject-master\plugins\virustotal\release win32\virustotal.tlog\link.write.1.tlog
e:\zengxianxi\vcppwork\peerproject-master\plugins\virustotal\release win32\virustotal.tlog\midl.command.1.tlog
e:\zengxianxi\vcppwork\peerproject-master\plugins\virustotal\release win32\virustotal.tlog\midl.read.1.tlog
e:\zengxianxi\vcppwork\peerproject-master\plugins\virustotal\release win32\virustotal.tlog\midl.write.1.tlog
e:\zengxianxi\vcppwork\peerproject-master\plugins\virustotal\release win32\virustotal.tlog\rc.command.1.tlog
e:\zengxianxi\vcppwork\peerproject-master\plugins\virustotal\release win32\virustotal.tlog\rc.read.1.tlog
e:\zengxianxi\vcppwork\peerproject-master\plugins\virustotal\release win32\virustotal.tlog\rc.write.1.tlog
e:\zengxianxi\vcppwork\peerproject-master\plugins\virustotal\release win32\virustotal.tlog\virustotal.write.1u.tlog
