e:\zengxianxi\vcppwork\peerproject-master\plugins\swfplugin\release win32\swfplugin.pch
e:\zengxianxi\vcppwork\peerproject-master\plugins\swfplugin\release win32\vc142.pdb
e:\zengxianxi\vcppwork\peerproject-master\plugins\swfplugin\release win32\stdafx.obj
e:\zengxianxi\vcppwork\peerproject-master\plugins\swfplugin\release win32\swfreader.obj
e:\zengxianxi\vcppwork\peerproject-master\plugins\swfplugin\release win32\swfplugin.obj
e:\zengxianxi\vcppwork\peerproject-master\plugins\swfplugin\release win32\swfbuilder.obj
e:\zengxianxi\vcppwork\peerproject-master\plugins\swfplugin\release win32\swfplugin_i.obj
e:\zengxianxi\vcppwork\peerproject-master\plugins\swfplugin\release win32\swfplugin.dll
e:\zengxianxi\vcppwork\peerproject-master\plugins\swfplugin\release win32\peerproject.tlb
e:\zengxianxi\vcppwork\peerproject-master\plugins\swfplugin\peerproject_i.c
e:\zengxianxi\vcppwork\peerproject-master\plugins\swfplugin\peerproject.h
e:\zengxianxi\vcppwork\peerproject-master\plugins\swfplugin\release win32\swfplugin.tlb
e:\zengxianxi\vcppwork\peerproject-master\plugins\swfplugin\swfplugin_i.c
e:\zengxianxi\vcppwork\peerproject-master\plugins\swfplugin\swfplugin.h
e:\zengxianxi\vcppwork\peerproject-master\plugins\swfplugin\release win32\swfplugin.res
e:\zengxianxi\vcppwork\peerproject-master\plugins\swfplugin\release win32\swfplugin.lib
e:\zengxianxi\vcppwork\peerproject-master\plugins\swfplugin\release win32\swfplugin.exp
e:\zengxianxi\vcppwork\peerproject-master\plugins\swfplugin\release win32\swfplugin.tlog\cl.command.1.tlog
e:\zengxianxi\vcppwork\peerproject-master\plugins\swfplugin\release win32\swfplugin.tlog\cl.read.1.tlog
e:\zengxianxi\vcppwork\peerproject-master\plugins\swfplugin\release win32\swfplugin.tlog\cl.write.1.tlog
e:\zengxianxi\vcppwork\peerproject-master\plugins\swfplugin\release win32\swfplugin.tlog\link.command.1.tlog
e:\zengxianxi\vcppwork\peerproject-master\plugins\swfplugin\release win32\swfplugin.tlog\link.read.1.tlog
e:\zengxianxi\vcppwork\peerproject-master\plugins\swfplugin\release win32\swfplugin.tlog\link.write.1.tlog
e:\zengxianxi\vcppwork\peerproject-master\plugins\swfplugin\release win32\swfplugin.tlog\midl.command.1.tlog
e:\zengxianxi\vcppwork\peerproject-master\plugins\swfplugin\release win32\swfplugin.tlog\midl.read.1.tlog
e:\zengxianxi\vcppwork\peerproject-master\plugins\swfplugin\release win32\swfplugin.tlog\midl.write.1.tlog
e:\zengxianxi\vcppwork\peerproject-master\plugins\swfplugin\release win32\swfplugin.tlog\rc.command.1.tlog
e:\zengxianxi\vcppwork\peerproject-master\plugins\swfplugin\release win32\swfplugin.tlog\rc.read.1.tlog
e:\zengxianxi\vcppwork\peerproject-master\plugins\swfplugin\release win32\swfplugin.tlog\rc.write.1.tlog
e:\zengxianxi\vcppwork\peerproject-master\plugins\swfplugin\release win32\swfplugin.tlog\swfplugin.write.1u.tlog
