e:\zengxianxi\vcppwork\peerproject-master\plugins\ratdvdplugin\release win32\ratdvdreader.pch
e:\zengxianxi\vcppwork\peerproject-master\plugins\ratdvdplugin\release win32\vc142.pdb
e:\zengxianxi\vcppwork\peerproject-master\plugins\ratdvdplugin\release win32\stdafx.obj
e:\zengxianxi\vcppwork\peerproject-master\plugins\ratdvdplugin\release win32\coreutils.obj
e:\zengxianxi\vcppwork\peerproject-master\plugins\ratdvdplugin\release win32\ratdvdreader.obj
e:\zengxianxi\vcppwork\peerproject-master\plugins\ratdvdplugin\release win32\classfactory.obj
e:\zengxianxi\vcppwork\peerproject-master\plugins\ratdvdplugin\release win32\ratdvdplugin.obj
e:\zengxianxi\vcppwork\peerproject-master\plugins\ratdvdplugin\release win32\ratdvdreader_i.obj
e:\zengxianxi\vcppwork\peerproject-master\plugins\ratdvdplugin\release win32\ratdvdreader.dll
e:\zengxianxi\vcppwork\peerproject-master\plugins\ratdvdplugin\release win32\ratdvdreader.pdb
e:\zengxianxi\vcppwork\peerproject-master\plugins\ratdvdplugin\release win32\ratdvdreader.tlb
e:\zengxianxi\vcppwork\peerproject-master\plugins\ratdvdplugin\ratdvdreader_i.c
e:\zengxianxi\vcppwork\peerproject-master\plugins\ratdvdplugin\ratdvdreader.h
e:\zengxianxi\vcppwork\peerproject-master\plugins\ratdvdplugin\release win32\peerproject.tlb
e:\zengxianxi\vcppwork\peerproject-master\plugins\ratdvdplugin\peerproject_i.c
e:\zengxianxi\vcppwork\peerproject-master\plugins\ratdvdplugin\peerproject.h
e:\zengxianxi\vcppwork\peerproject-master\plugins\ratdvdplugin\release win32\ratdvdreader.lib
e:\zengxianxi\vcppwork\peerproject-master\plugins\ratdvdplugin\release win32\ratdvdreader.exp
e:\zengxianxi\vcppwork\peerproject-master\plugins\ratdvdplugin\release win32\ratdvdreader.res
e:\zengxianxi\vcppwork\peerproject-master\plugins\ratdvdplugin\release win32\ratdvdreader.tlog\cl.command.1.tlog
e:\zengxianxi\vcppwork\peerproject-master\plugins\ratdvdplugin\release win32\ratdvdreader.tlog\cl.read.1.tlog
e:\zengxianxi\vcppwork\peerproject-master\plugins\ratdvdplugin\release win32\ratdvdreader.tlog\cl.write.1.tlog
e:\zengxianxi\vcppwork\peerproject-master\plugins\ratdvdplugin\release win32\ratdvdreader.tlog\link.command.1.tlog
e:\zengxianxi\vcppwork\peerproject-master\plugins\ratdvdplugin\release win32\ratdvdreader.tlog\link.read.1.tlog
e:\zengxianxi\vcppwork\peerproject-master\plugins\ratdvdplugin\release win32\ratdvdreader.tlog\link.write.1.tlog
e:\zengxianxi\vcppwork\peerproject-master\plugins\ratdvdplugin\release win32\ratdvdreader.tlog\midl.command.1.tlog
e:\zengxianxi\vcppwork\peerproject-master\plugins\ratdvdplugin\release win32\ratdvdreader.tlog\midl.read.1.tlog
e:\zengxianxi\vcppwork\peerproject-master\plugins\ratdvdplugin\release win32\ratdvdreader.tlog\midl.write.1.tlog
e:\zengxianxi\vcppwork\peerproject-master\plugins\ratdvdplugin\release win32\ratdvdreader.tlog\ratdvdreader.write.1u.tlog
e:\zengxianxi\vcppwork\peerproject-master\plugins\ratdvdplugin\release win32\ratdvdreader.tlog\rc.command.1.tlog
e:\zengxianxi\vcppwork\peerproject-master\plugins\ratdvdplugin\release win32\ratdvdreader.tlog\rc.read.1.tlog
e:\zengxianxi\vcppwork\peerproject-master\plugins\ratdvdplugin\release win32\ratdvdreader.tlog\rc.write.1.tlog
