e:\zengxianxi\vcppwork\peerproject-master\services\miniupnp\release win32\connecthostport.obj
e:\zengxianxi\vcppwork\peerproject-master\services\miniupnp\release win32\minisoap.obj
e:\zengxianxi\vcppwork\peerproject-master\services\miniupnp\release win32\miniupnpc.obj
e:\zengxianxi\vcppwork\peerproject-master\services\miniupnp\release win32\upnpcommands.obj
e:\zengxianxi\vcppwork\peerproject-master\services\miniupnp\release win32\upnperrors.obj
e:\zengxianxi\vcppwork\peerproject-master\services\miniupnp\release win32\igd_desc_parse.obj
e:\zengxianxi\vcppwork\peerproject-master\services\miniupnp\release win32\miniwget.obj
e:\zengxianxi\vcppwork\peerproject-master\services\miniupnp\release win32\dlldata.obj
e:\zengxianxi\vcppwork\peerproject-master\services\miniupnp\release win32\minixml.obj
e:\zengxianxi\vcppwork\peerproject-master\services\miniupnp\release win32\portlistingparse.obj
e:\zengxianxi\vcppwork\peerproject-master\services\miniupnp\release win32\receivedata.obj
e:\zengxianxi\vcppwork\peerproject-master\services\miniupnp\release win32\minissdpc.obj
e:\zengxianxi\vcppwork\peerproject-master\services\miniupnp\release win32\upnpreplyparse.obj
e:\zengxianxi\vcppwork\peerproject-master\services\miniupnp\release win32\vc142.pdb
e:\zengxianxi\vcppwork\peerproject-master\services\miniupnp\release win32\miniupnpc.dll
e:\zengxianxi\vcppwork\peerproject-master\services\miniupnp\release win32\miniupnpc.pdb
e:\zengxianxi\vcppwork\peerproject-master\services\miniupnp\release win32\miniupnpc.lib
e:\zengxianxi\vcppwork\peerproject-master\services\miniupnp\release win32\miniupnpc.exp
e:\zengxianxi\vcppwork\peerproject-master\services\miniupnp\release win32\miniupnpc.ipdb
e:\zengxianxi\vcppwork\peerproject-master\services\miniupnp\release win32\miniupnpc.iobj
e:\zengxianxi\vcppwork\peerproject-master\services\miniupnp\release win32\miniupnpc.res
e:\zengxianxi\vcppwork\peerproject-master\services\miniupnp\release win32\miniupnpc.tlog\cl.10880.write.1.tlog
e:\zengxianxi\vcppwork\peerproject-master\services\miniupnp\release win32\miniupnpc.tlog\cl.command.1.tlog
e:\zengxianxi\vcppwork\peerproject-master\services\miniupnp\release win32\miniupnpc.tlog\cl.read.1.tlog
e:\zengxianxi\vcppwork\peerproject-master\services\miniupnp\release win32\miniupnpc.tlog\link.command.1.tlog
e:\zengxianxi\vcppwork\peerproject-master\services\miniupnp\release win32\miniupnpc.tlog\link.read.1.tlog
e:\zengxianxi\vcppwork\peerproject-master\services\miniupnp\release win32\miniupnpc.tlog\link.write.1.tlog
e:\zengxianxi\vcppwork\peerproject-master\services\miniupnp\release win32\miniupnpc.tlog\miniupnpc.write.1u.tlog
e:\zengxianxi\vcppwork\peerproject-master\services\miniupnp\release win32\miniupnpc.tlog\rc.command.1.tlog
e:\zengxianxi\vcppwork\peerproject-master\services\miniupnp\release win32\miniupnpc.tlog\rc.read.1.tlog
e:\zengxianxi\vcppwork\peerproject-master\services\miniupnp\release win32\miniupnpc.tlog\rc.write.1.tlog
